\BOOKMARK [0][-]{chapter.3}{Principi di Termodinamica}{}% 1
\BOOKMARK [1][-]{section.4}{Lezione 1}{chapter.3}% 2
\BOOKMARK [2][-]{subsection.5}{Introduzione ed argomenti}{section.4}% 3
\BOOKMARK [2][-]{subsection.11}{Assunzioni della termodinamica di Boltzmann}{section.4}% 4
\BOOKMARK [2][-]{subsection.20}{Entropia}{section.4}% 5
\BOOKMARK [2][-]{subsection.23}{Potenziali termodinamici}{section.4}% 6
\BOOKMARK [2][-]{subsection.26}{Potenziale chimico }{section.4}% 7
\BOOKMARK [1][-]{section.29}{Lezione 2}{chapter.3}% 8
\BOOKMARK [2][-]{subsection.30}{Temperatura}{section.29}% 9
\BOOKMARK [2][-]{subsection.50}{Principi classici della termodinamica sotto l'ottica statistica}{section.29}% 10
\BOOKMARK [2][-]{subsection.65}{Utili potenziali termodinamici}{section.29}% 11
\BOOKMARK [2][-]{subsection.96}{Principio variazionale e < 0}{section.29}% 12
\BOOKMARK [2][-]{subsection.107}{Capacit\340 termica e compressibilit\340}{section.29}% 13
\BOOKMARK [1][-]{section.112}{Lezione 3}{chapter.3}% 14
\BOOKMARK [2][-]{subsection.118}{Segno delle capacit\340 termiche}{section.112}% 15
\BOOKMARK [2][-]{subsection.136}{Transizioni di fase di un sistema}{section.112}% 16
\BOOKMARK [2][-]{subsection.164}{Conteggio degli stati }{section.112}% 17
\BOOKMARK [1][-]{section.209}{Lezione 4}{chapter.3}% 18
\BOOKMARK [2][-]{subsection.212}{Probabilit\340 di trovare il sistema in uno stato vs probabilit\340 di trovarlo con una certa energia.}{section.209}% 19
\BOOKMARK [2][-]{subsection.222}{Passagio al continuo per le energie del sistemino}{section.209}% 20
\BOOKMARK [2][-]{subsection.245}{Conteggio degli stati con particelle interagenti e non interagenti}{section.209}% 21
\BOOKMARK [2][-]{subsection.257}{Solido cristallino con campo magnetico}{section.209}% 22
\BOOKMARK [2][-]{subsection.269}{Demagnetizzazione adiabatica}{section.209}% 23
\BOOKMARK [2][-]{subsection.280}{Correzione al conteggio degli stati eliminando i conteggi ripetuti.}{section.209}% 24
\BOOKMARK [1][-]{section.299}{Lezione 5}{chapter.3}% 25
\BOOKMARK [2][-]{subsection.300}{Contare gli stati}{section.299}% 26
\BOOKMARK [2][-]{subsection.311}{Distribuzione di Boltzmann}{section.299}% 27
\BOOKMARK [2][-]{subsection.328}{Conteggio degli stati nel passagio al continuo}{section.299}% 28
\BOOKMARK [2][-]{subsection.340}{La costante di Plank nel conteggio degli stati}{section.299}% 29
\BOOKMARK [2][-]{subsection.346}{Calcolo della \( E \)}{section.299}% 30
\BOOKMARK [2][-]{subsection.360}{Calcolo dell'energia media di singola particella}{section.299}% 31
\BOOKMARK [2][-]{subsection.368}{Gas ideale con particelle interagenti.}{section.299}% 32
\BOOKMARK [0][-]{chapter.395}{Fluttuazioni classiche}{}% 33
\BOOKMARK [1][-]{section.396}{Lezione 6}{chapter.395}% 34
\BOOKMARK [2][-]{subsection.397}{Fluttuazioni}{section.396}% 35
\BOOKMARK [2][-]{subsection.453}{Fluttuazioni dipendenti ed indipendenti}{section.396}% 36
\BOOKMARK [2][-]{subsection.474}{Indeterminazione dell'entropia}{section.396}% 37
\BOOKMARK [2][-]{subsection.482}{Tempo di vita media degli stati}{section.396}% 38
\BOOKMARK [0][-]{chapter.487}{Statistica di Fermi-Dirac e Bose-Einstein}{}% 39
\BOOKMARK [1][-]{section.488}{Lezione 7}{chapter.487}% 40
\BOOKMARK [2][-]{subsection.489}{Stati equiprobabili e teoria degli Ensamble}{section.488}% 41
\BOOKMARK [2][-]{subsection.497}{Oltre il modello di gas ideale.}{section.488}% 42
\BOOKMARK [2][-]{subsection.508}{Significato quantistico della approssimazione classica ed espressione completa di .}{section.488}% 43
\BOOKMARK [2][-]{subsection.529}{Sistemi fuori da approssimazione di gas ideale.}{section.488}% 44
\BOOKMARK [1][-]{section.552}{Lezione 8}{chapter.487}% 45
\BOOKMARK [2][-]{subsection.556}{Fluttuazioni quantistiche vs fluttuazioni termodinamiche}{section.552}% 46
\BOOKMARK [2][-]{subsection.558}{Spin nel calcolo della \( E \) }{section.552}% 47
\BOOKMARK [2][-]{subsection.563}{Correzione al secondo ordine per l'equazione di stato dei gas ideali}{section.552}% 48
\BOOKMARK [2][-]{subsection.583}{Gas di Fermioni: elettroni di conduzione in un metallo}{section.552}% 49
\BOOKMARK [1][-]{section.613}{Lezione 9}{chapter.487}% 50
\BOOKMARK [2][-]{subsection.631}{Gas di elettroni con campo magnetico}{section.613}% 51
\BOOKMARK [2][-]{subsection.644}{Emissione termoionica.}{section.613}% 52
\BOOKMARK [0][-]{chapter.680}{Applicazioni delle statistiche FD-BE}{}% 53
\BOOKMARK [1][-]{section.681}{Lezione 10}{chapter.680}% 54
\BOOKMARK [2][-]{subsection.682}{Effetto termoionico in presenza di un campo elettrico}{section.681}% 55
\BOOKMARK [2][-]{subsection.696}{Effetto fotoelettrico}{section.681}% 56
\BOOKMARK [2][-]{subsection.717}{Condizione sulla massa di una nana bianca per il collasso gravitazionale.}{section.681}% 57
\BOOKMARK [1][-]{section.756}{Lezione 11}{chapter.680}% 58
\BOOKMARK [2][-]{subsection.757}{Condensazione di Bose-Einsein}{section.756}% 59
\BOOKMARK [2][-]{subsection.792}{Oscillatore armonico}{section.756}% 60
\BOOKMARK [1][-]{section.816}{Lezione 12}{chapter.680}% 61
\BOOKMARK [2][-]{subsection.817}{Radiazione di Corpo Nero}{section.816}% 62
\BOOKMARK [2][-]{subsection.847}{Vibrazioni all'interno dei solidi}{section.816}% 63
\BOOKMARK [1][-]{section.879}{Lezione 13}{chapter.680}% 64
\BOOKMARK [2][-]{subsection.880}{Onde nei solidi.}{section.879}% 65
\BOOKMARK [2][-]{subsection.900}{Modello del trasporto semi-classico: equazione del trasporto di Boltzmann.}{section.879}% 66
\BOOKMARK [2][-]{subsection.911}{Conduzione elettrica}{section.879}% 67
\BOOKMARK [2][-]{subsection.934}{Conduzione termica}{section.879}% 68
\BOOKMARK [2][-]{subsection.947}{Calore specifico in meno di 3 dimensioni}{section.879}% 69
\BOOKMARK [0][-]{chapter.982}{Fluttuazioni quantistiche}{}% 70
\BOOKMARK [1][-]{section.983}{Lezione 14}{chapter.982}% 71
\BOOKMARK [2][-]{subsection.984}{Fluttuazioni nelle statistiche quantistiche}{section.983}% 72
\BOOKMARK [2][-]{subsection.992}{Fluttuazioni del numero medio di particelle per un insieme di stati}{section.983}% 73
\BOOKMARK [2][-]{subsection.996}{Significato fisico della correzione quantistica alle fluttuazioni}{section.983}% 74
\BOOKMARK [2][-]{subsection.1012}{Numero di celle coinvolte nelle fluttuazioni del numero di fotoni}{section.983}% 75
\BOOKMARK [2][-]{subsection.1027}{Esempio numerico di numero di celle occupate.}{section.983}% 76
\BOOKMARK [2][-]{subsection.1028}{Coerenza dei fotoni ed esperimento di Young}{section.983}% 77
\BOOKMARK [2][-]{subsection.1033}{Ottenere la coerenza dalla radiazione stellare}{section.983}% 78
\BOOKMARK [2][-]{subsection.1037}{Correlazione tra fasci di particelle: esperimento di Hanbury Brown e Twiss.}{section.983}% 79
\BOOKMARK [2][-]{subsection.1044}{Dinamica delle flutuazioni: Rumore Jonshon nei circuiti elettrici}{section.983}% 80
\BOOKMARK [1][-]{section.1058}{Lezione 15}{chapter.982}% 81
\BOOKMARK [2][-]{subsection.1059}{Distribuzione spettrale delle fluttuazioni}{section.1058}% 82
\BOOKMARK [2][-]{subsection.1068}{Teorema di fluttuazione-dissipazione}{section.1058}% 83
\BOOKMARK [2][-]{subsection.1089}{Applicazione del teorema Fluttuazione-dissipazione al rumore Jonshon}{section.1058}% 84
\BOOKMARK [2][-]{subsection.1106}{Rumore shot}{section.1058}% 85
\BOOKMARK [0][-]{chapter.1129}{Solidi}{}% 86
\BOOKMARK [1][-]{section.1130}{Lezione 16}{chapter.1129}% 87
\BOOKMARK [2][-]{subsection.1131}{Introduzione ai solidi.}{section.1130}% 88
\BOOKMARK [2][-]{subsection.1162}{Reticoli nei solidi}{section.1130}% 89
\BOOKMARK [2][-]{subsection.1172}{Prima zona di Brilloiun}{section.1130}% 90
\BOOKMARK [2][-]{subsection.1174}{Osservazione della struttura periodica del cristallo}{section.1130}% 91
\BOOKMARK [2][-]{subsection.1191}{Teorema di Bloch}{section.1130}% 92
\BOOKMARK [1][-]{section.1232}{Lezione 17}{chapter.1129}% 93
\BOOKMARK [2][-]{subsection.1233}{Metodo perturbativo per la struttura a bande dei solidi.}{section.1232}% 94
\BOOKMARK [2][-]{subsection.1273}{Conduzione nei metalli}{section.1232}% 95
\BOOKMARK [2][-]{subsection.1279}{Conducibilit\340 dei materiali del gruppo 1}{section.1232}% 96
\BOOKMARK [2][-]{subsection.1280}{Velocit\340 media dell'elettrone}{section.1232}% 97
\BOOKMARK [1][-]{section.1296}{Lezione 18}{chapter.1129}% 98
\BOOKMARK [2][-]{subsection.1297}{Semimetalli e Semiconduttori}{section.1296}% 99
\BOOKMARK [2][-]{subsection.1299}{Massa efficace dell'elettrone}{section.1296}% 100
\BOOKMARK [2][-]{subsection.1303}{Conduzione elettronica nel dettaglio: oscillazioni di Bloch.}{section.1296}% 101
\BOOKMARK [2][-]{subsection.1307}{Soluzione per i nuclei del reticolo}{section.1296}% 102
\BOOKMARK [2][-]{subsection.1318}{Frequenza di vibrazione di un cristallo unidimensionale}{section.1296}% 103
\BOOKMARK [2][-]{subsection.1343}{Misurare i fononi}{section.1296}% 104
\BOOKMARK [0][-]{chapter.1369}{Liquidi}{}% 105
\BOOKMARK [1][-]{section.1370}{Lezione 19: Dagli appunti di Sara}{chapter.1369}% 106
\BOOKMARK [2][-]{subsection.1371}{Scattering elastico}{section.1370}% 107
\BOOKMARK [2][-]{subsection.1375}{Fattore di struttura statistica.}{section.1370}% 108
\BOOKMARK [2][-]{subsection.1386}{Densit\340 ad uno e a due particelle.}{section.1370}% 109
\BOOKMARK [2][-]{subsection.1394}{Fattore di struttura statistica come trasformata di Fourier della densit\340 a due particelle.}{section.1370}% 110
\BOOKMARK [2][-]{subsection.1405}{Fattore di struttura statistica per i liquidi}{section.1370}% 111
\BOOKMARK [2][-]{subsection.1417}{Fattore di struttura statistica per sistemi amorfi e cristallini}{section.1370}% 112
\BOOKMARK [2][-]{subsection.1423}{Digressione sulla FT}{section.1370}% 113
\BOOKMARK [2][-]{subsection.1428}{Cristallo poliatomico.}{section.1370}% 114
\BOOKMARK [2][-]{subsection.1432}{Fattore di struttura statistica per gas perfetto}{section.1370}% 115
\BOOKMARK [1][-]{section.1433}{Lezione 20}{chapter.1369}% 116
\BOOKMARK [2][-]{subsection.1434}{Hole function o funzione di correlazione totale.}{section.1433}% 117
\BOOKMARK [2][-]{subsection.1440}{Fattore di struttura statistica per un fluido poliatomico.}{section.1433}% 118
\BOOKMARK [2][-]{subsection.1442}{Caso speciale: l'acqua.}{section.1433}% 119
\BOOKMARK [2][-]{subsection.1446}{Analisi della g\(r\) dell'Argon}{section.1433}% 120
\BOOKMARK [2][-]{subsection.1452}{Struttura dell'argon e funzione g\(r\).}{section.1433}% 121
\BOOKMARK [2][-]{subsection.1455}{Diagrammi di stato e S\(q\)}{section.1433}% 122
\BOOKMARK [2][-]{subsection.1458}{Relazione di Ornstein-Zernike}{section.1433}% 123
\BOOKMARK [2][-]{subsection.1471}{Limite asintotico di S\(K\) nel caso di Gas perfetti}{section.1433}% 124
\BOOKMARK [2][-]{subsection.1475}{Limite asintotico di S\(K\) nel caso di plasmi}{section.1433}% 125
\BOOKMARK [2][-]{subsection.1479}{Momenti di g\(r\)}{section.1433}% 126
\BOOKMARK [1][-]{section.1482}{Lezione 21}{chapter.1369}% 127
\BOOKMARK [2][-]{subsection.1483}{Collegamento tra g\(r\) ed il potenziale tra le particelle u\(r\).}{section.1482}% 128
\BOOKMARK [2][-]{subsection.1487}{Unicit\340 della relazione tra g\(r\) e u\(r\).}{section.1482}% 129
\BOOKMARK [2][-]{subsection.1495}{Energia interna di un fluido monoatomico classico con potenziale a 2 corpi.}{section.1482}% 130
\BOOKMARK [2][-]{subsection.1517}{Ricerca di una relazione analitica tra u\(r\) e g\(r\).}{section.1482}% 131
\BOOKMARK [2][-]{subsection.1534}{Potenziali u\(r\) e w\(r\) in un fluido di Lennard Jones.}{section.1482}% 132
\BOOKMARK [2][-]{subsection.1536}{Chiusura di Born-Green.}{section.1482}% 133
\BOOKMARK [2][-]{subsection.1541}{Funzione di correlazione diretta.}{section.1482}% 134
\BOOKMARK [2][-]{subsection.1549}{Modelli a sfere}{section.1482}% 135
\BOOKMARK [2][-]{subsection.1555}{Modello a sfere dure.}{section.1482}% 136
\BOOKMARK [2][-]{subsection.1565}{Approssimazione di Abe.}{section.1482}% 137
\BOOKMARK [2][-]{subsection.1577}{Chiusura di Percus Yevick.}{section.1482}% 138
\BOOKMARK [2][-]{subsection.1586}{Modello di Lennard Jones per le sfere}{section.1482}% 139
\BOOKMARK [2][-]{subsection.1600}{Riscalamento di S\(q\) e g\(r\).}{section.1482}% 140
\BOOKMARK [2][-]{subsection.1603}{Riassunto di HG,HS,LJ.}{section.1482}% 141
\BOOKMARK [2][-]{subsection.1605}{Fluidi quantistici: trattazione della condensazione di Bose.}{section.1482}% 142
\BOOKMARK [2][-]{subsection.1608}{Colloidi.}{section.1482}% 143
\BOOKMARK [2][-]{subsection.1613}{Repulsione a lungo raggio: cristallo di Wiegner.}{section.1482}% 144
\BOOKMARK [2][-]{subsection.1616}{Interazioni a lungo raggio ed approssimazione di Random Phase.}{section.1482}% 145
\BOOKMARK [2][-]{subsection.1625}{Cosa devo sapere all'esame?}{section.1482}% 146
\BOOKMARK [1][-]{section.1626}{Lezione 22}{chapter.1369}% 147
\BOOKMARK [2][-]{subsection.1627}{Estensione dinamica: funzione di Van Hove.}{section.1626}% 148
\BOOKMARK [2][-]{subsection.1643}{"Fononi" e fattore di struttura dinamico.}{section.1626}% 149
\BOOKMARK [2][-]{subsection.1646}{Approssimazione per le funzioni di struttura dinamica.}{section.1626}% 150
\BOOKMARK [2][-]{subsection.1649}{Collegamento con le funzioni di risposta del fluido}{section.1626}% 151
\BOOKMARK [1][-]{section.1656}{Lezione 23}{chapter.1369}% 152
\BOOKMARK [2][-]{subsection.1657}{Generalit\340 sui fononi}{section.1656}% 153
\BOOKMARK [2][-]{subsection.1661}{Struttura del Silicio e del carburo di Silicio.}{section.1656}% 154
\BOOKMARK [2][-]{subsection.1664}{Onde longitudinali nei liquidi e nei gas}{section.1656}% 155
\BOOKMARK [2][-]{subsection.1670}{Teoria della elasticit\340: legge di Hooke}{section.1656}% 156
\BOOKMARK [2][-]{subsection.1675}{Causalit\340 e relazioni di Kramers Kroening.}{section.1656}% 157
\BOOKMARK [2][-]{subsection.1685}{Teorema di Fluttuazione-Dissipazione}{section.1656}% 158
\BOOKMARK [0][-]{chapter.1702}{Interazione radiazione materia}{}% 159
\BOOKMARK [1][-]{section.1703}{Lezione 24}{chapter.1702}% 160
\BOOKMARK [2][-]{subsection.1704}{Regola d'oro di Fermi da un sistema perturbato.}{section.1703}% 161
\BOOKMARK [2][-]{subsection.1742}{Emissione stimolata ed assorbimento}{section.1703}% 162
\BOOKMARK [2][-]{subsection.1768}{Coefficienti di Einstein.}{section.1703}% 163
\BOOKMARK [2][-]{subsection.1793}{Oltre il metodo perturbativo per il campo EM}{section.1703}% 164
\BOOKMARK [1][-]{section.1800}{Lezione 25}{chapter.1702}% 165
\BOOKMARK [2][-]{subsection.1801}{Approssimazione di onda rotante}{section.1800}% 166
\BOOKMARK [2][-]{subsection.1805}{Trattamento non perturbativo della interazione radiazione materia}{section.1800}% 167
\BOOKMARK [2][-]{subsection.1831}{Interazione radiazione materia collegata alla termodinamica}{section.1800}% 168
\BOOKMARK [2][-]{subsection.1861}{Variazione della intensit\340 della radiazione in un mezzo materiale}{section.1800}% 169
\BOOKMARK [1][-]{section.1884}{Lezione 26}{chapter.1702}% 170
\BOOKMARK [2][-]{subsection.1906}{Inversione di popolazione per un sistema a 3 livelli}{section.1884}% 171
\BOOKMARK [2][-]{subsection.1915}{Laser}{section.1884}% 172
\BOOKMARK [2][-]{subsection.1934}{Condizioni di auto-oscillazione per un sistema}{section.1884}% 173
\BOOKMARK [2][-]{subsection.1950}{Introduzione alla soluzione "Termodinamica+Coerenze" e Matrice densit\340}{section.1884}% 174
\BOOKMARK [2][-]{subsection.1962}{Soluzione della evoluzione temporale per la matrice densit\340}{section.1884}% 175
\BOOKMARK [1][-]{section.1982}{Lezione 27}{chapter.1702}% 176
\BOOKMARK [2][-]{subsection.1991}{Equazioni di Bloch ottiche}{section.1982}% 177
\BOOKMARK [2][-]{subsection.2024}{Allargamenti di riga: omogenei o disomogenei}{section.1982}% 178
