This is pdfTeX, Version 3.14159265-2.6-1.40.20 (TeX Live 2019/Arch Linux) (preloaded format=pdflatex 2020.3.24)  27 MAR 2020 11:06
entering extended mode
 restricted \write18 enabled.
 file:line:error style messages enabled.
 %&-line parsing enabled.
**master.tex
(./master.tex
LaTeX2e <2019-10-01> patch level 1
(/usr/share/texmf-dist/tex/latex/base/report.cls
Document Class: report 2019/08/27 v1.4j Standard LaTeX document class
(/usr/share/texmf-dist/tex/latex/base/size10.clo
File: size10.clo 2019/08/27 v1.4j Standard LaTeX file (size option)
)
\c@part=\count80
\c@chapter=\count81
\c@section=\count82
\c@subsection=\count83
\c@subsubsection=\count84
\c@paragraph=\count85
\c@subparagraph=\count86
\c@figure=\count87
\c@table=\count88
\abovecaptionskip=\skip41
\belowcaptionskip=\skip42
\bibindent=\dimen102
) (/usr/share/texmf-dist/tex/latex/float/float.sty
Package: float 2001/11/08 v1.3d Float enhancements (AL)
\c@float@type=\count89
\float@exts=\toks14
\float@box=\box27
\@float@everytoks=\toks15
\@floatcapt=\box28
) (/usr/share/texmf-dist/tex/latex/tools/verbatim.sty
Package: verbatim 2014/10/28 v1.5q LaTeX2e package for verbatim enhancements
\every@verbatim=\toks16
\verbatim@line=\toks17
\verbatim@in@stream=\read1
) (/usr/share/texmf-dist/tex/latex/base/inputenc.sty
Package: inputenc 2018/08/11 v1.3c Input encoding file
\inpenc@prehook=\toks18
\inpenc@posthook=\toks19
) (/usr/share/texmf-dist/tex/generic/babel/babel.sty
Package: babel 2019/10/15 3.35 The Babel package
 (/usr/share/texmf-dist/tex/generic/babel/switch.def
File: switch.def 2019/10/15 3.35 Babel switching mechanism
) (/usr/share/texmf-dist/tex/generic/babel-italian/italian.ldf
Language: italian 2019/01/05 v.1.4.01 Italian support for the babel system
 (/usr/share/texmf-dist/tex/generic/babel/babel.def
File: babel.def 2019/10/15 3.35 Babel common definitions
\babel@savecnt=\count90
\U@D=\dimen103
 (/usr/share/texmf-dist/tex/generic/babel/txtbabel.def)
\bbl@dirlevel=\count91
)
\it@lettering=\count92
\it@doublequoteactive=\count93
\it@ISOcompliance=\count94
)) (/usr/share/texmf-dist/tex/latex/etoolbox/etoolbox.sty
Package: etoolbox 2019/09/21 v2.5h e-TeX tools for LaTeX (JAW)
\etb@tempcnta=\count95
) (/usr/share/texmf-dist/tex/latex/amsmath/amsmath.sty
Package: amsmath 2019/04/01 v2.17c AMS math features
\@mathmargin=\skip43

For additional information on amsmath, use the `?' option.
(/usr/share/texmf-dist/tex/latex/amsmath/amstext.sty
Package: amstext 2000/06/29 v2.01 AMS text
 (/usr/share/texmf-dist/tex/latex/amsmath/amsgen.sty
File: amsgen.sty 1999/11/30 v2.0 generic functions
\@emptytoks=\toks20
\ex@=\dimen104
)) (/usr/share/texmf-dist/tex/latex/amsmath/amsbsy.sty
Package: amsbsy 1999/11/29 v1.2d Bold Symbols
\pmbraise@=\dimen105
) (/usr/share/texmf-dist/tex/latex/amsmath/amsopn.sty
Package: amsopn 2016/03/08 v2.02 operator names
)
\inf@bad=\count96
LaTeX Info: Redefining \frac on input line 227.
\uproot@=\count97
\leftroot@=\count98
LaTeX Info: Redefining \overline on input line 389.
\classnum@=\count99
\DOTSCASE@=\count100
LaTeX Info: Redefining \ldots on input line 486.
LaTeX Info: Redefining \dots on input line 489.
LaTeX Info: Redefining \cdots on input line 610.
\Mathstrutbox@=\box29
\strutbox@=\box30
\big@size=\dimen106
LaTeX Font Info:    Redeclaring font encoding OML on input line 733.
LaTeX Font Info:    Redeclaring font encoding OMS on input line 734.
\macc@depth=\count101
\c@MaxMatrixCols=\count102
\dotsspace@=\muskip10
\c@parentequation=\count103
\dspbrk@lvl=\count104
\tag@help=\toks21
\row@=\count105
\column@=\count106
\maxfields@=\count107
\andhelp@=\toks22
\eqnshift@=\dimen107
\alignsep@=\dimen108
\tagshift@=\dimen109
\tagwidth@=\dimen110
\totwidth@=\dimen111
\lineht@=\dimen112
\@envbody=\toks23
\multlinegap=\skip44
\multlinetaggap=\skip45
\mathdisplay@stack=\toks24
LaTeX Info: Redefining \[ on input line 2855.
LaTeX Info: Redefining \] on input line 2856.
) (/usr/share/texmf-dist/tex/latex/amsfonts/amsfonts.sty
Package: amsfonts 2013/01/14 v3.01 Basic AMSFonts support
\symAMSa=\mathgroup4
\symAMSb=\mathgroup5
LaTeX Font Info:    Redeclaring math symbol \hbar on input line 98.
LaTeX Font Info:    Overwriting math alphabet `\mathfrak' in version `bold'
(Font)                  U/euf/m/n --> U/euf/b/n on input line 106.
) (/usr/share/texmf-dist/tex/latex/amsfonts/amssymb.sty
Package: amssymb 2013/01/14 v3.01 AMS font symbols
) (/usr/share/texmf-dist/tex/latex/graphics/graphicx.sty
Package: graphicx 2017/06/01 v1.1a Enhanced LaTeX Graphics (DPC,SPQR)
 (/usr/share/texmf-dist/tex/latex/graphics/keyval.sty
Package: keyval 2014/10/28 v1.15 key=value parser (DPC)
\KV@toks@=\toks25
) (/usr/share/texmf-dist/tex/latex/graphics/graphics.sty
Package: graphics 2019/10/08 v1.3c Standard LaTeX Graphics (DPC,SPQR)
 (/usr/share/texmf-dist/tex/latex/graphics/trig.sty
Package: trig 2016/01/03 v1.10 sin cos tan (DPC)
) (/usr/share/texmf-dist/tex/latex/graphics-cfg/graphics.cfg
File: graphics.cfg 2016/06/04 v1.11 sample graphics configuration
)
Package graphics Info: Driver file: pdftex.def on input line 105.
 (/usr/share/texmf-dist/tex/latex/graphics-def/pdftex.def
File: pdftex.def 2018/01/08 v1.0l Graphics/color driver for pdftex
))
\Gin@req@height=\dimen113
\Gin@req@width=\dimen114
) (/usr/share/texmf-dist/tex/latex/geometry/geometry.sty
Package: geometry 2018/04/16 v5.8 Page Geometry
 (/usr/share/texmf-dist/tex/generic/oberdiek/ifpdf.sty
Package: ifpdf 2018/09/07 v3.3 Provides the ifpdf switch
) (/usr/share/texmf-dist/tex/generic/oberdiek/ifvtex.sty
Package: ifvtex 2016/05/16 v1.6 Detect VTeX and its facilities (HO)
Package ifvtex Info: VTeX not detected.
) (/usr/share/texmf-dist/tex/generic/ifxetex/ifxetex.sty
Package: ifxetex 2010/09/12 v0.6 Provides ifxetex conditional
)
\Gm@cnth=\count108
\Gm@cntv=\count109
\c@Gm@tempcnt=\count110
\Gm@bindingoffset=\dimen115
\Gm@wd@mp=\dimen116
\Gm@odd@mp=\dimen117
\Gm@even@mp=\dimen118
\Gm@layoutwidth=\dimen119
\Gm@layoutheight=\dimen120
\Gm@layouthoffset=\dimen121
\Gm@layoutvoffset=\dimen122
\Gm@dimlist=\toks26
) (/usr/share/texmf-dist/tex/latex/xcolor/xcolor.sty
Package: xcolor 2016/05/11 v2.12 LaTeX color extensions (UK)
 (/usr/share/texmf-dist/tex/latex/graphics-cfg/color.cfg
File: color.cfg 2016/01/02 v1.6 sample color configuration
)
Package xcolor Info: Driver file: pdftex.def on input line 225.
Package xcolor Info: Model `cmy' substituted by `cmy0' on input line 1348.
Package xcolor Info: Model `hsb' substituted by `rgb' on input line 1352.
Package xcolor Info: Model `RGB' extended on input line 1364.
Package xcolor Info: Model `HTML' substituted by `rgb' on input line 1366.
Package xcolor Info: Model `Hsb' substituted by `hsb' on input line 1367.
Package xcolor Info: Model `tHsb' substituted by `hsb' on input line 1368.
Package xcolor Info: Model `HSB' substituted by `hsb' on input line 1369.
Package xcolor Info: Model `Gray' substituted by `gray' on input line 1370.
Package xcolor Info: Model `wave' substituted by `hsb' on input line 1371.
) (/usr/share/texmf-dist/tex/latex/amscls/amsthm.sty
Package: amsthm 2017/10/31 v2.20.4
\thm@style=\toks27
\thm@bodyfont=\toks28
\thm@headfont=\toks29
\thm@notefont=\toks30
\thm@headpunct=\toks31
\thm@preskip=\skip46
\thm@postskip=\skip47
\thm@headsep=\skip48
\dth@everypar=\toks32
) (/usr/share/texmf-dist/tex/latex/mhchem/mhchem.sty
Package: mhchem 2018/06/22 v4.08 for typesetting chemical formulae
 (/usr/share/texmf-dist/tex/latex/l3kernel/expl3.sty
Package: expl3 2019-10-28 L3 programming layer (loader) 
 (/usr/share/texmf-dist/tex/latex/l3kernel/expl3-code.tex
Package: expl3 2019-10-28 L3 programming layer (code)
\c_max_int=\count111
\l_tmpa_int=\count112
\l_tmpb_int=\count113
\g_tmpa_int=\count114
\g_tmpb_int=\count115
\l__seq_internal_a_int=\count116
\l__seq_internal_b_int=\count117
\g__kernel_prg_map_int=\count118
\c__ior_term_noprompt_ior=\count119
\c_log_iow=\count120
\l_iow_line_count_int=\count121
\l__iow_line_target_int=\count122
\l__iow_one_indent_int=\count123
\l__iow_indent_int=\count124
\c_zero_dim=\dimen123
\c_max_dim=\dimen124
\l_tmpa_dim=\dimen125
\l_tmpb_dim=\dimen126
\g_tmpa_dim=\dimen127
\g_tmpb_dim=\dimen128
\c_zero_skip=\skip49
\c_max_skip=\skip50
\l_tmpa_skip=\skip51
\l_tmpb_skip=\skip52
\g_tmpa_skip=\skip53
\g_tmpb_skip=\skip54
\c_zero_muskip=\muskip11
\c_max_muskip=\muskip12
\l_tmpa_muskip=\muskip13
\l_tmpb_muskip=\muskip14
\g_tmpa_muskip=\muskip15
\g_tmpb_muskip=\muskip16
\l_keys_choice_int=\count125
\l__intarray_loop_int=\count126
\c__intarray_sp_dim=\dimen129
\g__intarray_font_int=\count127
\c__fp_leading_shift_int=\count128
\c__fp_middle_shift_int=\count129
\c__fp_trailing_shift_int=\count130
\c__fp_big_leading_shift_int=\count131
\c__fp_big_middle_shift_int=\count132
\c__fp_big_trailing_shift_int=\count133
\c__fp_Bigg_leading_shift_int=\count134
\c__fp_Bigg_middle_shift_int=\count135
\c__fp_Bigg_trailing_shift_int=\count136
\c__kernel_randint_max_int=\count137
\g__fp_array_int=\count138
\l__fp_array_loop_int=\count139
\l__sort_length_int=\count140
\l__sort_min_int=\count141
\l__sort_top_int=\count142
\l__sort_max_int=\count143
\l__sort_true_max_int=\count144
\l__sort_block_int=\count145
\l__sort_begin_int=\count146
\l__sort_end_int=\count147
\l__sort_A_int=\count148
\l__sort_B_int=\count149
\l__sort_C_int=\count150
\l__str_internal_int=\count151
\c__str_replacement_char_int=\count152
\l__tl_analysis_normal_int=\count153
\l__tl_analysis_index_int=\count154
\l__tl_analysis_nesting_int=\count155
\l__tl_analysis_type_int=\count156
\l__regex_internal_a_int=\count157
\l__regex_internal_b_int=\count158
\l__regex_internal_c_int=\count159
\l__regex_balance_int=\count160
\l__regex_group_level_int=\count161
\l__regex_mode_int=\count162
\c__regex_cs_in_class_mode_int=\count163
\c__regex_cs_mode_int=\count164
\l__regex_catcodes_int=\count165
\l__regex_default_catcodes_int=\count166
\c__regex_catcode_D_int=\count167
\c__regex_catcode_S_int=\count168
\c__regex_catcode_L_int=\count169
\c__regex_catcode_O_int=\count170
\c__regex_catcode_A_int=\count171
\c__regex_all_catcodes_int=\count172
\l__regex_show_lines_int=\count173
\l__regex_min_state_int=\count174
\l__regex_max_state_int=\count175
\l__regex_left_state_int=\count176
\l__regex_right_state_int=\count177
\l__regex_capturing_group_int=\count178
\l__regex_min_pos_int=\count179
\l__regex_max_pos_int=\count180
\l__regex_curr_pos_int=\count181
\l__regex_start_pos_int=\count182
\l__regex_success_pos_int=\count183
\l__regex_curr_char_int=\count184
\l__regex_curr_catcode_int=\count185
\l__regex_last_char_int=\count186
\l__regex_case_changed_char_int=\count187
\l__regex_curr_state_int=\count188
\l__regex_step_int=\count189
\l__regex_min_active_int=\count190
\l__regex_max_active_int=\count191
\l__regex_replacement_csnames_int=\count192
\l__regex_match_count_int=\count193
\l__regex_min_submatch_int=\count194
\l__regex_submatch_int=\count195
\l__regex_zeroth_submatch_int=\count196
\g__regex_trace_regex_int=\count197
\c_empty_box=\box31
\l_tmpa_box=\box32
\l_tmpb_box=\box33
\g_tmpa_box=\box34
\g_tmpb_box=\box35
\l__box_top_dim=\dimen130
\l__box_bottom_dim=\dimen131
\l__box_left_dim=\dimen132
\l__box_right_dim=\dimen133
\l__box_top_new_dim=\dimen134
\l__box_bottom_new_dim=\dimen135
\l__box_left_new_dim=\dimen136
\l__box_right_new_dim=\dimen137
\l__box_internal_box=\box36
\l__coffin_internal_box=\box37
\l__coffin_internal_dim=\dimen138
\l__coffin_offset_x_dim=\dimen139
\l__coffin_offset_y_dim=\dimen140
\l__coffin_x_dim=\dimen141
\l__coffin_y_dim=\dimen142
\l__coffin_x_prime_dim=\dimen143
\l__coffin_y_prime_dim=\dimen144
\c_empty_coffin=\box38
\l__coffin_aligned_coffin=\box39
\l__coffin_aligned_internal_coffin=\box40
\l_tmpa_coffin=\box41
\l_tmpb_coffin=\box42
\g_tmpa_coffin=\box43
\g_tmpb_coffin=\box44
\l__coffin_bounding_shift_dim=\dimen145
\l__coffin_left_corner_dim=\dimen146
\l__coffin_right_corner_dim=\dimen147
\l__coffin_bottom_corner_dim=\dimen148
\l__coffin_top_corner_dim=\dimen149
\l__coffin_scaled_total_height_dim=\dimen150
\l__coffin_scaled_width_dim=\dimen151
\c__coffin_empty_coffin=\box45
\l__coffin_display_coffin=\box46
\l__coffin_display_coord_coffin=\box47
\l__coffin_display_pole_coffin=\box48
\l__coffin_display_offset_dim=\dimen152
\l__coffin_display_x_dim=\dimen153
\l__coffin_display_y_dim=\dimen154
\g__char_data_ior=\read2
 (/usr/share/texmf-dist/tex/latex/l3kernel/l3deprecation.def
File: l3deprecation.def 2019-04-06 v L3 Deprecated functions
)) (/usr/share/texmf-dist/tex/latex/l3backend/l3backend-pdfmode.def
File: l3backend-pdfmode.def 2019-04-06 L3 backend support: PDF mode
\l__kernel_color_stack_int=\count198
\l__pdf_internal_box=\box49
)) (/usr/share/texmf-dist/tex/latex/l3packages/l3keys2e/l3keys2e.sty
Package: l3keys2e 2019-10-11 LaTeX2e option processing using LaTeX3 keys
) (/usr/share/texmf-dist/tex/latex/tools/calc.sty
Package: calc 2017/05/25 v4.3 Infix arithmetic (KKT,FJ)
\calc@Acount=\count199
\calc@Bcount=\count266
\calc@Adimen=\dimen155
\calc@Bdimen=\dimen156
\calc@Askip=\skip55
\calc@Bskip=\skip56
LaTeX Info: Redefining \setlength on input line 80.
LaTeX Info: Redefining \addtolength on input line 81.
\calc@Ccount=\count267
\calc@Cskip=\skip57
) (/usr/share/texmf-dist/tex/latex/chemgreek/chemgreek.sty (/usr/share/texmf-dist/tex/latex/l3packages/xparse/xparse.sty
Package: xparse 2019-10-11 L3 Experimental document command parser
\l__xparse_current_arg_int=\count268
\g__xparse_grabber_int=\count269
\l__xparse_m_args_int=\count270
\l__xparse_v_nesting_int=\count271
)
Package: chemgreek 2016/12/20 v1.1 interfaceforuprightgreeklettersforuseinchemistry (CN)
\l__chemgreek_tmpa_int=\count272
\g__chemgreek_tmpa_int=\count273
)
\l__mhchem_ce_distanceFromLastComma_int=\count274
\__mhchem_arrow_extPgfLength_skip=\skip58
\mhchem@minispace@tmp=\skip59
\mhchem@minibackspace@tmp=\skip60
\mhchem@bondwidth=\skip61
\mhchem@bondheight=\skip62
\mhchem@smallbondwidth@tmpA=\skip63
\mhchem@smallbondwidth@tmpB=\skip64
\mhchem@smallbondwidth=\skip65
\mhchem@bondtmp@minussidebearingleft=\skip66
\mhchem@bondtmp@minussidebearingright=\skip67
\l__mhchem_option_version_int=\count275
\mhchem@option@minusmathsidebearingleft=\dimen157
\mhchem@option@minusmathsidebearingright=\dimen158
\mhchem@option@minustextsidebearingleft=\dimen159
\mhchem@option@minustextsidebearingright=\dimen160


Package mhchem Warning: You did not specify a 'version' option for the mhchem
(mhchem)                package. Please write \usepackage[version=4]{mhchem}
(mhchem)                in your preamble (or any lower number for
(mhchem)                compatibility mode), because you might get slightly
(mhchem)                different output with the same input in future versions.

) (/usr/share/texmf-dist/tex/latex/hyperref/hyperref.sty
Package: hyperref 2019/09/28 v7.00a Hypertext links for LaTeX
 (/usr/share/texmf-dist/tex/generic/oberdiek/hobsub-hyperref.sty
Package: hobsub-hyperref 2016/05/16 v1.14 Bundle oberdiek, subset hyperref (HO)
 (/usr/share/texmf-dist/tex/generic/oberdiek/hobsub-generic.sty
Package: hobsub-generic 2016/05/16 v1.14 Bundle oberdiek, subset generic (HO)
Package: hobsub 2016/05/16 v1.14 Construct package bundles (HO)
Package: infwarerr 2016/05/16 v1.4 Providing info/warning/error messages (HO)
Package: ltxcmds 2016/05/16 v1.23 LaTeX kernel commands for general use (HO)
Package: ifluatex 2016/05/16 v1.4 Provides the ifluatex switch (HO)
Package ifluatex Info: LuaTeX not detected.
Package hobsub Info: Skipping package `ifvtex' (already loaded).
Package: intcalc 2016/05/16 v1.2 Expandable calculations with integers (HO)
Package hobsub Info: Skipping package `ifpdf' (already loaded).
Package: etexcmds 2016/05/16 v1.6 Avoid name clashes with e-TeX commands (HO)
Package: kvsetkeys 2016/05/16 v1.17 Key value parser (HO)
Package: kvdefinekeys 2016/05/16 v1.4 Define keys (HO)
Package: pdftexcmds 2019/07/25 v0.30 Utility functions of pdfTeX for LuaTeX (HO)
Package pdftexcmds Info: LuaTeX not detected.
Package pdftexcmds Info: \pdf@primitive is available.
Package pdftexcmds Info: \pdf@ifprimitive is available.
Package pdftexcmds Info: \pdfdraftmode found.
Package: pdfescape 2016/05/16 v1.14 Implements pdfTeX's escape features (HO)
Package: bigintcalc 2016/05/16 v1.4 Expandable calculations on big integers (HO)
Package: bitset 2016/05/16 v1.2 Handle bit-vector datatype (HO)
Package: uniquecounter 2016/05/16 v1.3 Provide unlimited unique counter (HO)
)
Package hobsub Info: Skipping package `hobsub' (already loaded).
Package: letltxmacro 2016/05/16 v1.5 Let assignment for LaTeX macros (HO)
Package: hopatch 2016/05/16 v1.3 Wrapper for package hooks (HO)
Package: xcolor-patch 2016/05/16 xcolor patch
Package: atveryend 2016/05/16 v1.9 Hooks at the very end of document (HO)
Package: atbegshi 2016/06/09 v1.18 At begin shipout hook (HO)
Package: refcount 2016/05/16 v3.5 Data extraction from label references (HO)
Package: hycolor 2016/05/16 v1.8 Color options for hyperref/bookmark (HO)
) (/usr/share/texmf-dist/tex/latex/oberdiek/auxhook.sty
Package: auxhook 2016/05/16 v1.4 Hooks for auxiliary files (HO)
) (/usr/share/texmf-dist/tex/latex/oberdiek/kvoptions.sty
Package: kvoptions 2016/05/16 v3.12 Key value format for package options (HO)
)
\@linkdim=\dimen161
\Hy@linkcounter=\count276
\Hy@pagecounter=\count277
 (/usr/share/texmf-dist/tex/latex/hyperref/pd1enc.def
File: pd1enc.def 2019/09/28 v7.00a Hyperref: PDFDocEncoding definition (HO)
Now handling font encoding PD1 ...
... no UTF-8 mapping file for font encoding PD1
)
\Hy@SavedSpaceFactor=\count278
 (/usr/share/texmf-dist/tex/latex/latexconfig/hyperref.cfg
File: hyperref.cfg 2002/06/06 v1.2 hyperref configuration of TeXLive
)
Package hyperref Info: Option `hypertexnames' set `false' on input line 4414.
Package hyperref Info: Hyper figures OFF on input line 4540.
Package hyperref Info: Link nesting OFF on input line 4545.
Package hyperref Info: Hyper index ON on input line 4548.
Package hyperref Info: Plain pages OFF on input line 4555.
Package hyperref Info: Backreferencing OFF on input line 4560.
Package hyperref Info: Implicit mode ON; LaTeX internals redefined.
Package hyperref Info: Bookmarks ON on input line 4793.
\c@Hy@tempcnt=\count279
 (/usr/share/texmf-dist/tex/latex/url/url.sty
\Urlmuskip=\muskip17
Package: url 2013/09/16  ver 3.4  Verb mode for urls, etc.
)
LaTeX Info: Redefining \url on input line 5152.
\XeTeXLinkMargin=\dimen162
\Fld@menulength=\count280
\Field@Width=\dimen163
\Fld@charsize=\dimen164
Package hyperref Info: Hyper figures OFF on input line 6423.
Package hyperref Info: Link nesting OFF on input line 6428.
Package hyperref Info: Hyper index ON on input line 6431.
Package hyperref Info: backreferencing OFF on input line 6438.
Package hyperref Info: Link coloring OFF on input line 6443.
Package hyperref Info: Link coloring with OCG OFF on input line 6448.
Package hyperref Info: PDF/A mode OFF on input line 6453.
LaTeX Info: Redefining \ref on input line 6493.
LaTeX Info: Redefining \pageref on input line 6497.
\Hy@abspage=\count281
\c@Item=\count282
\c@Hfootnote=\count283
)
Package hyperref Info: Driver (autodetected): hpdftex.
 (/usr/share/texmf-dist/tex/latex/hyperref/hpdftex.def
File: hpdftex.def 2019/09/28 v7.00a Hyperref driver for pdfTeX
\Fld@listcount=\count284
\c@bookmark@seq@number=\count285
 (/usr/share/texmf-dist/tex/latex/oberdiek/rerunfilecheck.sty
Package: rerunfilecheck 2016/05/16 v1.8 Rerun checks for auxiliary files (HO)
Package uniquecounter Info: New unique counter `rerunfilecheck' on input line 282.
)
\Hy@SectionHShift=\skip68
) (/usr/share/texmf-dist/tex/latex/hyperref/nameref.sty
Package: nameref 2019/09/16 v2.46 Cross-referencing by name of section
 (/usr/share/texmf-dist/tex/generic/oberdiek/gettitlestring.sty
Package: gettitlestring 2016/05/16 v1.5 Cleanup title references (HO)
)
\c@section@level=\count286
) (/usr/share/texmf-dist/tex/latex/tools/multicol.sty
Package: multicol 2019/03/01 v1.8w multicolumn formatting (FMi)
\c@tracingmulticols=\count287
\mult@box=\box50
\multicol@leftmargin=\dimen165
\c@unbalance=\count288
\c@collectmore=\count289
\doublecol@number=\count290
\multicoltolerance=\count291
\multicolpretolerance=\count292
\full@width=\dimen166
\page@free=\dimen167
\premulticols=\dimen168
\postmulticols=\dimen169
\multicolsep=\skip69
\multicolbaselineskip=\skip70
\partial@page=\box51
\last@line=\box52
\maxbalancingoverflow=\dimen170
\mult@rightbox=\box53
\mult@grightbox=\box54
\mult@gfirstbox=\box55
\mult@firstbox=\box56
\@tempa=\box57
\@tempa=\box58
\@tempa=\box59
\@tempa=\box60
\@tempa=\box61
\@tempa=\box62
\@tempa=\box63
\@tempa=\box64
\@tempa=\box65
\@tempa=\box66
\@tempa=\box67
\@tempa=\box68
\@tempa=\box69
\@tempa=\box70
\@tempa=\box71
\@tempa=\box72
\@tempa=\box73
\c@minrows=\count293
\c@columnbadness=\count294
\c@finalcolumnbadness=\count295
\last@try=\dimen171
\multicolovershoot=\dimen172
\multicolundershoot=\dimen173
\mult@nat@firstbox=\box74
\colbreak@box=\box75
\mc@col@check@num=\count296
) (/usr/share/texmf-dist/tex/latex/framed/framed.sty
Package: framed 2011/10/22 v 0.96: framed or shaded text with page breaks
\OuterFrameSep=\skip71
\fb@frw=\dimen174
\fb@frh=\dimen175
\FrameRule=\dimen176
\FrameSep=\dimen177
) (/usr/share/texmf-dist/tex/latex/braket/braket.sty) (/usr/share/texmf-dist/tex/latex/mdframed/mdframed.sty
Package: mdframed 2013/07/01 1.9b: mdframed
 (/usr/share/texmf-dist/tex/latex/oberdiek/zref-abspage.sty
Package: zref-abspage 2018/11/21 v2.27 Module abspage for zref (HO)
 (/usr/share/texmf-dist/tex/latex/oberdiek/zref-base.sty
Package: zref-base 2018/11/21 v2.27 Module base for zref (HO)
Package zref Info: New property list: main on input line 759.
Package zref Info: New property: default on input line 760.
Package zref Info: New property: page on input line 761.
)
\c@abspage=\count297
Package zref Info: New property: abspage on input line 62.
) (/usr/share/texmf-dist/tex/latex/needspace/needspace.sty
Package: needspace 2010/09/12 v1.3d reserve vertical space
)
\mdf@templength=\skip72
\c@mdf@globalstyle@cnt=\count298
\mdf@skipabove@length=\skip73
\mdf@skipbelow@length=\skip74
\mdf@leftmargin@length=\skip75
\mdf@rightmargin@length=\skip76
\mdf@innerleftmargin@length=\skip77
\mdf@innerrightmargin@length=\skip78
\mdf@innertopmargin@length=\skip79
\mdf@innerbottommargin@length=\skip80
\mdf@splittopskip@length=\skip81
\mdf@splitbottomskip@length=\skip82
\mdf@outermargin@length=\skip83
\mdf@innermargin@length=\skip84
\mdf@linewidth@length=\skip85
\mdf@innerlinewidth@length=\skip86
\mdf@middlelinewidth@length=\skip87
\mdf@outerlinewidth@length=\skip88
\mdf@roundcorner@length=\skip89
\mdf@footenotedistance@length=\skip90
\mdf@userdefinedwidth@length=\skip91
\mdf@needspace@length=\skip92
\mdf@frametitleaboveskip@length=\skip93
\mdf@frametitlebelowskip@length=\skip94
\mdf@frametitlerulewidth@length=\skip95
\mdf@frametitleleftmargin@length=\skip96
\mdf@frametitlerightmargin@length=\skip97
\mdf@shadowsize@length=\skip98
\mdf@extratopheight@length=\skip99
\mdf@subtitleabovelinewidth@length=\skip100
\mdf@subtitlebelowlinewidth@length=\skip101
\mdf@subtitleaboveskip@length=\skip102
\mdf@subtitlebelowskip@length=\skip103
\mdf@subtitleinneraboveskip@length=\skip104
\mdf@subtitleinnerbelowskip@length=\skip105
\mdf@subsubtitleabovelinewidth@length=\skip106
\mdf@subsubtitlebelowlinewidth@length=\skip107
\mdf@subsubtitleaboveskip@length=\skip108
\mdf@subsubtitlebelowskip@length=\skip109
\mdf@subsubtitleinneraboveskip@length=\skip110
\mdf@subsubtitleinnerbelowskip@length=\skip111
 (/usr/share/texmf-dist/tex/latex/pgf/frontendlayer/tikz.sty (/usr/share/texmf-dist/tex/latex/pgf/basiclayer/pgf.sty (/usr/share/texmf-dist/tex/latex/pgf/utilities/pgfrcs.sty (/usr/share/texmf-dist/tex/generic/pgf/utilities/pgfutil-common.tex
\pgfutil@everybye=\toks33
\pgfutil@tempdima=\dimen178
\pgfutil@tempdimb=\dimen179
 (/usr/share/texmf-dist/tex/generic/pgf/utilities/pgfutil-common-lists.tex)) (/usr/share/texmf-dist/tex/generic/pgf/utilities/pgfutil-latex.def
\pgfutil@abb=\box76
 (/usr/share/texmf-dist/tex/latex/ms/everyshi.sty
Package: everyshi 2001/05/15 v3.00 EveryShipout Package (MS)
)) (/usr/share/texmf-dist/tex/generic/pgf/utilities/pgfrcs.code.tex (/usr/share/texmf-dist/tex/generic/pgf/pgf.revision.tex)
Package: pgfrcs 2019/08/03 v3.1.4b (3.1.4b)
))
Package: pgf 2019/08/03 v3.1.4b (3.1.4b)
 (/usr/share/texmf-dist/tex/latex/pgf/basiclayer/pgfcore.sty (/usr/share/texmf-dist/tex/latex/pgf/systemlayer/pgfsys.sty (/usr/share/texmf-dist/tex/generic/pgf/systemlayer/pgfsys.code.tex
Package: pgfsys 2019/08/03 v3.1.4b (3.1.4b)
 (/usr/share/texmf-dist/tex/generic/pgf/utilities/pgfkeys.code.tex
\pgfkeys@pathtoks=\toks34
\pgfkeys@temptoks=\toks35
 (/usr/share/texmf-dist/tex/generic/pgf/utilities/pgfkeysfiltered.code.tex
\pgfkeys@tmptoks=\toks36
))
\pgf@x=\dimen180
\pgf@y=\dimen181
\pgf@xa=\dimen182
\pgf@ya=\dimen183
\pgf@xb=\dimen184
\pgf@yb=\dimen185
\pgf@xc=\dimen186
\pgf@yc=\dimen187
\pgf@xd=\dimen188
\pgf@yd=\dimen189
\w@pgf@writea=\write3
\r@pgf@reada=\read3
\c@pgf@counta=\count299
\c@pgf@countb=\count300
\c@pgf@countc=\count301
\c@pgf@countd=\count302
\t@pgf@toka=\toks37
\t@pgf@tokb=\toks38
\t@pgf@tokc=\toks39
\pgf@sys@id@count=\count303

(/usr/share/texmf-dist/tex/generic/pgf/systemlayer/pgf.cfg
File: pgf.cfg 2019/08/03 v3.1.4b (3.1.4b)
)
Driver file for pgf: pgfsys-pdftex.def
 (/usr/share/texmf-dist/tex/generic/pgf/systemlayer/pgfsys-pdftex.def
File: pgfsys-pdftex.def 2019/08/03 v3.1.4b (3.1.4b)
 (/usr/share/texmf-dist/tex/generic/pgf/systemlayer/pgfsys-common-pdf.def
File: pgfsys-common-pdf.def 2019/08/03 v3.1.4b (3.1.4b)
))) (/usr/share/texmf-dist/tex/generic/pgf/systemlayer/pgfsyssoftpath.code.tex
File: pgfsyssoftpath.code.tex 2019/08/03 v3.1.4b (3.1.4b)
\pgfsyssoftpath@smallbuffer@items=\count304
\pgfsyssoftpath@bigbuffer@items=\count305
) (/usr/share/texmf-dist/tex/generic/pgf/systemlayer/pgfsysprotocol.code.tex
File: pgfsysprotocol.code.tex 2019/08/03 v3.1.4b (3.1.4b)
)) (/usr/share/texmf-dist/tex/generic/pgf/basiclayer/pgfcore.code.tex
Package: pgfcore 2019/08/03 v3.1.4b (3.1.4b)
 (/usr/share/texmf-dist/tex/generic/pgf/math/pgfmath.code.tex (/usr/share/texmf-dist/tex/generic/pgf/math/pgfmathcalc.code.tex (/usr/share/texmf-dist/tex/generic/pgf/math/pgfmathutil.code.tex) (/usr/share/texmf-dist/tex/generic/pgf/math/pgfmathparser.code.tex
\pgfmath@dimen=\dimen190
\pgfmath@count=\count306
\pgfmath@box=\box77
\pgfmath@toks=\toks40
\pgfmath@stack@operand=\toks41
\pgfmath@stack@operation=\toks42
) (/usr/share/texmf-dist/tex/generic/pgf/math/pgfmathfunctions.code.tex (/usr/share/texmf-dist/tex/generic/pgf/math/pgfmathfunctions.basic.code.tex) (/usr/share/texmf-dist/tex/generic/pgf/math/pgfmathfunctions.trigonometric.code.tex) (/usr/share/texmf-dist/tex/generic/pgf/math/pgfmathfunctions.random.code.tex) (/usr/share/texmf-dist/tex/generic/pgf/math/pgfmathfunctions.comparison.code.tex) (/usr/share/texmf-dist/tex/generic/pgf/math/pgfmathfunctions.base.code.tex) (/usr/share/texmf-dist/tex/generic/pgf/math/pgfmathfunctions.round.code.tex) (/usr/share/texmf-dist/tex/generic/pgf/math/pgfmathfunctions.misc.code.tex) (/usr/share/texmf-dist/tex/generic/pgf/math/pgfmathfunctions.integerarithmetics.code.tex))) (/usr/share/texmf-dist/tex/generic/pgf/math/pgfmathfloat.code.tex
\c@pgfmathroundto@lastzeros=\count307
)) (/usr/share/texmf-dist/tex/generic/pgf/math/pgfint.code.tex) (/usr/share/texmf-dist/tex/generic/pgf/basiclayer/pgfcorepoints.code.tex
File: pgfcorepoints.code.tex 2019/08/03 v3.1.4b (3.1.4b)
\pgf@picminx=\dimen191
\pgf@picmaxx=\dimen192
\pgf@picminy=\dimen193
\pgf@picmaxy=\dimen194
\pgf@pathminx=\dimen195
\pgf@pathmaxx=\dimen196
\pgf@pathminy=\dimen197
\pgf@pathmaxy=\dimen198
\pgf@xx=\dimen199
\pgf@xy=\dimen256
\pgf@yx=\dimen257
\pgf@yy=\dimen258
\pgf@zx=\dimen259
\pgf@zy=\dimen260
) (/usr/share/texmf-dist/tex/generic/pgf/basiclayer/pgfcorepathconstruct.code.tex
File: pgfcorepathconstruct.code.tex 2019/08/03 v3.1.4b (3.1.4b)
\pgf@path@lastx=\dimen261
\pgf@path@lasty=\dimen262
) (/usr/share/texmf-dist/tex/generic/pgf/basiclayer/pgfcorepathusage.code.tex
File: pgfcorepathusage.code.tex 2019/08/03 v3.1.4b (3.1.4b)
\pgf@shorten@end@additional=\dimen263
\pgf@shorten@start@additional=\dimen264
) (/usr/share/texmf-dist/tex/generic/pgf/basiclayer/pgfcorescopes.code.tex
File: pgfcorescopes.code.tex 2019/08/03 v3.1.4b (3.1.4b)
\pgfpic=\box78
\pgf@hbox=\box79
\pgf@layerbox@main=\box80
\pgf@picture@serial@count=\count308
) (/usr/share/texmf-dist/tex/generic/pgf/basiclayer/pgfcoregraphicstate.code.tex
File: pgfcoregraphicstate.code.tex 2019/08/03 v3.1.4b (3.1.4b)
\pgflinewidth=\dimen265
) (/usr/share/texmf-dist/tex/generic/pgf/basiclayer/pgfcoretransformations.code.tex
File: pgfcoretransformations.code.tex 2019/08/03 v3.1.4b (3.1.4b)
\pgf@pt@x=\dimen266
\pgf@pt@y=\dimen267
\pgf@pt@temp=\dimen268
)
(/usr/share/texmf-dist/tex/generic/pgf/basiclayer/pgfcorequick.code.tex
File: pgfcorequick.code.tex 2019/08/03 v3.1.4b (3.1.4b)
) (/usr/share/texmf-dist/tex/generic/pgf/basiclayer/pgfcoreobjects.code.tex
File: pgfcoreobjects.code.tex 2019/08/03 v3.1.4b (3.1.4b)
) (/usr/share/texmf-dist/tex/generic/pgf/basiclayer/pgfcorepathprocessing.code.tex
File: pgfcorepathprocessing.code.tex 2019/08/03 v3.1.4b (3.1.4b)
) (/usr/share/texmf-dist/tex/generic/pgf/basiclayer/pgfcorearrows.code.tex
File: pgfcorearrows.code.tex 2019/08/03 v3.1.4b (3.1.4b)
\pgfarrowsep=\dimen269
) (/usr/share/texmf-dist/tex/generic/pgf/basiclayer/pgfcoreshade.code.tex
File: pgfcoreshade.code.tex 2019/08/03 v3.1.4b (3.1.4b)
\pgf@max=\dimen270
\pgf@sys@shading@range@num=\count309
\pgf@shadingcount=\count310
) (/usr/share/texmf-dist/tex/generic/pgf/basiclayer/pgfcoreimage.code.tex
File: pgfcoreimage.code.tex 2019/08/03 v3.1.4b (3.1.4b)
 (/usr/share/texmf-dist/tex/generic/pgf/basiclayer/pgfcoreexternal.code.tex
File: pgfcoreexternal.code.tex 2019/08/03 v3.1.4b (3.1.4b)
\pgfexternal@startupbox=\box81
)) (/usr/share/texmf-dist/tex/generic/pgf/basiclayer/pgfcorelayers.code.tex
File: pgfcorelayers.code.tex 2019/08/03 v3.1.4b (3.1.4b)
) (/usr/share/texmf-dist/tex/generic/pgf/basiclayer/pgfcoretransparency.code.tex
File: pgfcoretransparency.code.tex 2019/08/03 v3.1.4b (3.1.4b)
) (/usr/share/texmf-dist/tex/generic/pgf/basiclayer/pgfcorepatterns.code.tex
File: pgfcorepatterns.code.tex 2019/08/03 v3.1.4b (3.1.4b)
) (/usr/share/texmf-dist/tex/generic/pgf/basiclayer/pgfcorerdf.code.tex
File: pgfcorerdf.code.tex 2019/08/03 v3.1.4b (3.1.4b)
))) (/usr/share/texmf-dist/tex/generic/pgf/modules/pgfmoduleshapes.code.tex
File: pgfmoduleshapes.code.tex 2019/08/03 v3.1.4b (3.1.4b)
\pgfnodeparttextbox=\box82
) (/usr/share/texmf-dist/tex/generic/pgf/modules/pgfmoduleplot.code.tex
File: pgfmoduleplot.code.tex 2019/08/03 v3.1.4b (3.1.4b)
) (/usr/share/texmf-dist/tex/latex/pgf/compatibility/pgfcomp-version-0-65.sty
Package: pgfcomp-version-0-65 2019/08/03 v3.1.4b (3.1.4b)
\pgf@nodesepstart=\dimen271
\pgf@nodesepend=\dimen272
) (/usr/share/texmf-dist/tex/latex/pgf/compatibility/pgfcomp-version-1-18.sty
Package: pgfcomp-version-1-18 2019/08/03 v3.1.4b (3.1.4b)
)) (/usr/share/texmf-dist/tex/latex/pgf/utilities/pgffor.sty (/usr/share/texmf-dist/tex/latex/pgf/utilities/pgfkeys.sty (/usr/share/texmf-dist/tex/generic/pgf/utilities/pgfkeys.code.tex)) (/usr/share/texmf-dist/tex/latex/pgf/math/pgfmath.sty (/usr/share/texmf-dist/tex/generic/pgf/math/pgfmath.code.tex)) (/usr/share/texmf-dist/tex/generic/pgf/utilities/pgffor.code.tex
Package: pgffor 2019/08/03 v3.1.4b (3.1.4b)
 (/usr/share/texmf-dist/tex/generic/pgf/math/pgfmath.code.tex)
\pgffor@iter=\dimen273
\pgffor@skip=\dimen274
\pgffor@stack=\toks43
\pgffor@toks=\toks44
)) (/usr/share/texmf-dist/tex/generic/pgf/frontendlayer/tikz/tikz.code.tex
Package: tikz 2019/08/03 v3.1.4b (3.1.4b)
 (/usr/share/texmf-dist/tex/generic/pgf/libraries/pgflibraryplothandlers.code.tex
File: pgflibraryplothandlers.code.tex 2019/08/03 v3.1.4b (3.1.4b)
\pgf@plot@mark@count=\count311
\pgfplotmarksize=\dimen275
)
\tikz@lastx=\dimen276
\tikz@lasty=\dimen277
\tikz@lastxsaved=\dimen278
\tikz@lastysaved=\dimen279
\tikz@lastmovetox=\dimen280
\tikz@lastmovetoy=\dimen281
\tikzleveldistance=\dimen282
\tikzsiblingdistance=\dimen283
\tikz@figbox=\box83
\tikz@figbox@bg=\box84
\tikz@tempbox=\box85
\tikz@tempbox@bg=\box86
\tikztreelevel=\count312
\tikznumberofchildren=\count313
\tikznumberofcurrentchild=\count314
\tikz@fig@count=\count315
 (/usr/share/texmf-dist/tex/generic/pgf/modules/pgfmodulematrix.code.tex
File: pgfmodulematrix.code.tex 2019/08/03 v3.1.4b (3.1.4b)
\pgfmatrixcurrentrow=\count316
\pgfmatrixcurrentcolumn=\count317
\pgf@matrix@numberofcolumns=\count318
)
\tikz@expandcount=\count319
 (/usr/share/texmf-dist/tex/generic/pgf/frontendlayer/tikz/libraries/tikzlibrarytopaths.code.tex
File: tikzlibrarytopaths.code.tex 2019/08/03 v3.1.4b (3.1.4b)
))) (/usr/share/texmf-dist/tex/latex/mdframed/md-frame-1.mdf
File: md-frame-1.mdf 2013/07/01\ 1.9b: md-frame-1
)
\mdf@frametitlebox=\box87
\mdf@footnotebox=\box88
\mdf@splitbox@one=\box89
\mdf@splitbox@two=\box90
\mdf@splitbox@save=\box91
\mdfsplitboxwidth=\skip112
\mdfsplitboxtotalwidth=\skip113
\mdfsplitboxheight=\skip114
\mdfsplitboxdepth=\skip115
\mdfsplitboxtotalheight=\skip116
\mdfframetitleboxwidth=\skip117
\mdfframetitleboxtotalwidth=\skip118
\mdfframetitleboxheight=\skip119
\mdfframetitleboxdepth=\skip120
\mdfframetitleboxtotalheight=\skip121
\mdffootnoteboxwidth=\skip122
\mdffootnoteboxtotalwidth=\skip123
\mdffootnoteboxheight=\skip124
\mdffootnoteboxdepth=\skip125
\mdffootnoteboxtotalheight=\skip126
\mdftotallinewidth=\skip127
\mdfboundingboxwidth=\skip128
\mdfboundingboxtotalwidth=\skip129
\mdfboundingboxheight=\skip130
\mdfboundingboxdepth=\skip131
\mdfboundingboxtotalheight=\skip132
\mdf@freevspace@length=\skip133
\mdf@horizontalwidthofbox@length=\skip134
\mdf@verticalmarginwhole@length=\skip135
\mdf@horizontalspaceofbox=\skip136
\mdfsubtitleheight=\skip137
\mdfsubsubtitleheight=\skip138
\c@mdfcountframes=\count320

****** mdframed patching \endmdf@trivlist

****** -- success******

\mdf@envdepth=\count321
\c@mdf@env@i=\count322
\c@mdf@env@ii=\count323
\c@mdf@zref@counter=\count324
Package zref Info: New property: mdf@pagevalue on input line 895.
) (/usr/share/texmf-dist/tex/latex/thmtools/thmtools.sty
Package: thmtools 2019/07/31 v67
\thmt@toks=\toks45
\c@thmt@dummyctr=\count325

(/usr/share/texmf-dist/tex/latex/thmtools/thm-patch.sty
Package: thm-patch 2019/07/31 v67
 (/usr/share/texmf-dist/tex/latex/thmtools/parseargs.sty
Package: parseargs 2019/07/31 v67
\@parsespec=\toks46
)) (/usr/share/texmf-dist/tex/latex/thmtools/thm-kv.sty
Package: thm-kv 2019/07/31 v67
Package thm-kv Info: Theorem names will be uppercased on input line 39.
Package thm-kv Info: kvsetkeys patch (v1.16 or later) on input line 155.
) (/usr/share/texmf-dist/tex/latex/thmtools/thm-autoref.sty
Package: thm-autoref 2019/07/31 v67
 (/usr/share/texmf-dist/tex/latex/thmtools/aliasctr.sty
Package: aliasctr 2019/07/31 v67
)) (/usr/share/texmf-dist/tex/latex/thmtools/thm-listof.sty
Package: thm-listof 2019/07/31 v67
) (/usr/share/texmf-dist/tex/latex/thmtools/thm-restate.sty
Package: thm-restate 2019/07/31 v67
) (/usr/share/texmf-dist/tex/latex/thmtools/thm-amsthm.sty
Package: thm-amsthm 2019/07/31 v67
\thmt@style@headstyle=\toks47
)) (/usr/share/texmf-dist/tex/latex/cancel/cancel.sty
Package: cancel 2013/04/12 v2.2 Cancel math terms
) (/usr/share/texmf-dist/tex/latex/import/import.sty
Package: import 2009/03/23  v 5.1
) (/usr/share/texmf-dist/tex/latex/xifthen/xifthen.sty
Package: xifthen 2015/11/05 v1.4.0 Extended ifthen features
 (/usr/share/texmf-dist/tex/latex/base/ifthen.sty
Package: ifthen 2014/09/29 v1.1c Standard LaTeX ifthen package (DPC)
) (/usr/share/texmf-dist/tex/latex/ifmtarg/ifmtarg.sty
Package: ifmtarg 2018/04/16 v1.2b check for an empty argument
)) (/usr/share/texmf-dist/tex/latex/pdfpages/pdfpages.sty
Package: pdfpages 2019/09/21 v0.5n Insert pages of external PDF documents (AM)
 (/usr/share/texmf-dist/tex/latex/eso-pic/eso-pic.sty
Package: eso-pic 2018/04/12 v2.0h eso-pic (RN)
)
\AM@pagewidth=\dimen284
\AM@pageheight=\dimen285
 (/usr/share/texmf-dist/tex/latex/pdfpages/pppdftex.def
File: pppdftex.def 2019/09/21 v0.5n Pdfpages driver for pdfTeX (AM)
)
\AM@pagebox=\box92
\AM@global@opts=\toks48
\AM@toc@title=\toks49
\c@AM@survey=\count326
\AM@templatesizebox=\box93
) (/usr/share/texmf-dist/tex/latex/oberdiek/transparent.sty
Package: transparent 2018/11/18 v1.3 Transparency via pdfTeX's color stack (HO)
) (./boxtheo.tex
\c@fact=\count327
\c@defn=\count328
) (./master.aux)
\openout1 = `master.aux'.

LaTeX Font Info:    Checking defaults for OML/cmm/m/it on input line 65.
LaTeX Font Info:    ... okay on input line 65.
LaTeX Font Info:    Checking defaults for T1/cmr/m/n on input line 65.
LaTeX Font Info:    ... okay on input line 65.
LaTeX Font Info:    Checking defaults for OT1/cmr/m/n on input line 65.
LaTeX Font Info:    ... okay on input line 65.
LaTeX Font Info:    Checking defaults for OMS/cmsy/m/n on input line 65.
LaTeX Font Info:    ... okay on input line 65.
LaTeX Font Info:    Checking defaults for OMX/cmex/m/n on input line 65.
LaTeX Font Info:    ... okay on input line 65.
LaTeX Font Info:    Checking defaults for U/cmr/m/n on input line 65.
LaTeX Font Info:    ... okay on input line 65.
LaTeX Font Info:    Checking defaults for PD1/pdf/m/n on input line 65.
LaTeX Font Info:    ... okay on input line 65.
LaTeX Info: Redefining \it@ocap on input line 65.
LaTeX Info: Redefining \it@ccap on input line 65.


File italian.ldf warning: 
italian.ldf    With OT1 encoding guillemets are poorly faked
italian.ldf    Use T1 encoding
italian.ldf    or specify a font with command \CaporaliFrom
italian.ldf    See the documentation concerning the babel-italian typesetting 
italian.ldf    on input line 65.

(/usr/share/texmf-dist/tex/context/base/mkii/supp-pdf.mkii
[Loading MPS to PDF converter (version 2006.09.02).]
\scratchcounter=\count329
\scratchdimen=\dimen286
\scratchbox=\box94
\nofMPsegments=\count330
\nofMParguments=\count331
\everyMPshowfont=\toks50
\MPscratchCnt=\count332
\MPscratchDim=\dimen287
\MPnumerator=\count333
\makeMPintoPDFobject=\count334
\everyMPtoPDFconversion=\toks51
) (/usr/share/texmf-dist/tex/latex/oberdiek/epstopdf-base.sty
Package: epstopdf-base 2016/05/15 v2.6 Base part for package epstopdf
 (/usr/share/texmf-dist/tex/latex/oberdiek/grfext.sty
Package: grfext 2016/05/16 v1.2 Manage graphics extensions (HO)
)
Package epstopdf-base Info: Redefining graphics rule for `.eps' on input line 438.
Package grfext Info: Graphics extension search list:
(grfext)             [.pdf,.png,.jpg,.mps,.jpeg,.jbig2,.jb2,.PDF,.PNG,.JPG,.JPEG,.JBIG2,.JB2,.eps]
(grfext)             \AppendGraphicsExtensions on input line 456.
 (/usr/share/texmf-dist/tex/latex/latexconfig/epstopdf-sys.cfg
File: epstopdf-sys.cfg 2010/07/13 v1.3 Configuration of (r)epstopdf for TeX Live
))
*geometry* driver: auto-detecting
*geometry* detected driver: pdftex
*geometry* verbose mode - [ preamble ] result:
* driver: pdftex
* paper: a4paper
* layout: <same size as paper>
* layoutoffset:(h,v)=(0.0pt,0.0pt)
* modes: 
* h-part:(L,W,R)=(56.9055pt, 483.69687pt, 56.9055pt)
* v-part:(T,H,B)=(56.9055pt, 731.23584pt, 56.9055pt)
* \paperwidth=597.50787pt
* \paperheight=845.04684pt
* \textwidth=483.69687pt
* \textheight=731.23584pt
* \oddsidemargin=-15.36449pt
* \evensidemargin=-15.36449pt
* \topmargin=-52.36449pt
* \headheight=12.0pt
* \headsep=25.0pt
* \topskip=10.0pt
* \footskip=30.0pt
* \marginparwidth=57.0pt
* \marginparsep=11.0pt
* \columnsep=10.0pt
* \skip\footins=9.0pt plus 4.0pt minus 2.0pt
* \hoffset=0.0pt
* \voffset=0.0pt
* \mag=1000
* \@twocolumnfalse
* \@twosidefalse
* \@mparswitchfalse
* \@reversemarginfalse
* (1in=72.27pt=25.4mm, 1cm=28.453pt)


Package chemgreek Info: Activating mapping `default' on line 65.

\AtBeginShipoutBox=\box95
Package hyperref Info: Link coloring OFF on input line 65.
LaTeX Info: Redefining \ref on input line 65.
LaTeX Info: Redefining \pageref on input line 65.
LaTeX Info: Redefining \nameref on input line 65.
(./master.out) (./master.out)
\@outlinefile=\write4
\openout4 = `master.out'.

 ABD: EveryShipout initializing macros (/usr/share/texmf-dist/tex/latex/oberdiek/pdflscape.sty
Package: pdflscape 2016/05/14 v0.11 Display of landscape pages in PDF (HO)
 (/usr/share/texmf-dist/tex/latex/graphics/lscape.sty
Package: lscape 2000/10/22 v3.01 Landscape Pages (DPC)
)
Package pdflscape Info: Auto-detected driver: pdftex on input line 81.
)
LaTeX Font Info:    Trying to load font information for U+msa on input line 67.
 (/usr/share/texmf-dist/tex/latex/amsfonts/umsa.fd
File: umsa.fd 2013/01/14 v3.01 AMS symbols A
)
LaTeX Font Info:    Trying to load font information for U+msb on input line 67.
 (/usr/share/texmf-dist/tex/latex/amsfonts/umsb.fd
File: umsb.fd 2013/01/14 v3.01 AMS symbols B
) [1

{/var/lib/texmf/fonts/map/pdftex/updmap/pdftex.map}] (./master.toc)
\tf@toc=\write5
\openout5 = `master.toc'.

 [1


]
Capitolo 1.
(./lezioni/lez_14.tex

LaTeX Warning: Reference `eq:flut-num-particelle' on page 2 undefined on input line 4.

[2

] (./figures/sistema-di-emettitori-di-fotoni-con-rilevatore.pdf_tex
<./figures/sistema-di-emettitori-di-fotoni-con-rilevatore.pdf, id=156, page=1, 547.37415pt x 189.61156pt>
File: ./figures/sistema-di-emettitori-di-fotoni-con-rilevatore.pdf Graphic file (type pdf)
<use ./figures/sistema-di-emettitori-di-fotoni-con-rilevatore.pdf, page 1>
Package pdftex.def Info: ./figures/sistema-di-emettitori-di-fotoni-con-rilevatore.pdf , page1 used on input line 56.
(pdftex.def)             Requested size: 483.69687pt x 167.56172pt.
) [3 <./figures/sistema-di-emettitori-di-fotoni-con-rilevatore.pdf>]
Package mdframed Info: mdframed detected package amsthm 
 changed the theorem header of amsthm
(mdframed)              on input line 205.
Package mdframed Info: mdframed detected package amsthm 
 changed the theorem header of amsthm
(mdframed)              on input line 207.
 [4]
Package mdframed Info: Not enough space on this page on input line 207.
 (./figures/fotoni-da-una-superficie-s-raccolti-a-s.pdf_tex
<./figures/fotoni-da-una-superficie-s-raccolti-a-s.pdf, id=192, page=1, 754.70506pt x 196.13162pt>
File: ./figures/fotoni-da-una-superficie-s-raccolti-a-s.pdf Graphic file (type pdf)
<use ./figures/fotoni-da-una-superficie-s-raccolti-a-s.pdf, page 1>
Package pdftex.def Info: ./figures/fotoni-da-una-superficie-s-raccolti-a-s.pdf , page1 used on input line 56.
(pdftex.def)             Requested size: 483.69687pt x 125.70337pt.
<./figures/fotoni-da-una-superficie-s-raccolti-a-s.pdf, id=193, page=2, 754.70506pt x 196.13162pt>
File: ./figures/fotoni-da-una-superficie-s-raccolti-a-s.pdf Graphic file (type pdf)
<use ./figures/fotoni-da-una-superficie-s-raccolti-a-s.pdf, page 2>
Package pdftex.def Info: ./figures/fotoni-da-una-superficie-s-raccolti-a-s.pdf , page2 used on input line 58.
(pdftex.def)             Requested size: 483.69687pt x 125.70337pt.
<./figures/fotoni-da-una-superficie-s-raccolti-a-s.pdf, id=194, page=3, 754.70506pt x 196.13162pt>
File: ./figures/fotoni-da-una-superficie-s-raccolti-a-s.pdf Graphic file (type pdf)
<use ./figures/fotoni-da-una-superficie-s-raccolti-a-s.pdf, page 3>
Package pdftex.def Info: ./figures/fotoni-da-una-superficie-s-raccolti-a-s.pdf , page3 used on input line 60.
(pdftex.def)             Requested size: 483.69687pt x 125.70337pt.
<./figures/fotoni-da-una-superficie-s-raccolti-a-s.pdf, id=195, page=4, 754.70506pt x 196.13162pt>
File: ./figures/fotoni-da-una-superficie-s-raccolti-a-s.pdf Graphic file (type pdf)
<use ./figures/fotoni-da-una-superficie-s-raccolti-a-s.pdf, page 4>
Package pdftex.def Info: ./figures/fotoni-da-una-superficie-s-raccolti-a-s.pdf , page4 used on input line 62.
(pdftex.def)             Requested size: 483.69687pt x 125.70337pt.
)
LaTeX Font Info:    Trying to load font information for OMS+cmr on input line 253.
 (/usr/share/texmf-dist/tex/latex/base/omscmr.fd
File: omscmr.fd 2014/09/29 v2.5h Standard LaTeX font definitions
)
LaTeX Font Info:    Font shape `OMS/cmr/m/n' in size <10> not available
(Font)              Font shape `OMS/cmsy/m/n' tried instead on input line 253.
 [5 <./figures/fotoni-da-una-superficie-s-raccolti-a-s.pdf> <./figures/fotoni-da-una-superficie-s-raccolti-a-s.pdf

pdfTeX warning: pdflatex (file ./figures/fotoni-da-una-superficie-s-raccolti-a-s.pdf): PDF inclusion: multiple pdfs with page group included in a single page
> <./figures/fotoni-da-una-superficie-s-raccolti-a-s.pdf

pdfTeX warning: pdflatex (file ./figures/fotoni-da-una-superficie-s-raccolti-a-s.pdf): PDF inclusion: multiple pdfs with page group included in a single page
> <./figures/fotoni-da-una-superficie-s-raccolti-a-s.pdf

pdfTeX warning: pdflatex (file ./figures/fotoni-da-una-superficie-s-raccolti-a-s.pdf): PDF inclusion: multiple pdfs with page group included in a single page
>]
Underfull \hbox (badness 10000) in paragraph at lines 280--282

 []


Underfull \hbox (badness 10000) in paragraph at lines 285--290

 []

(./figures/esperimento-di-young.pdf_tex
<./figures/esperimento-di-young.pdf, id=211, page=1, 591.06343pt x 191.97pt>
File: ./figures/esperimento-di-young.pdf Graphic file (type pdf)
<use ./figures/esperimento-di-young.pdf, page 1>
Package pdftex.def Info: ./figures/esperimento-di-young.pdf , page1 used on input line 56.
(pdftex.def)             Requested size: 483.69687pt x 157.10591pt.
<./figures/esperimento-di-young.pdf, id=212, page=2, 591.06343pt x 191.97pt>
File: ./figures/esperimento-di-young.pdf Graphic file (type pdf)
<use ./figures/esperimento-di-young.pdf, page 2>
Package pdftex.def Info: ./figures/esperimento-di-young.pdf , page2 used on input line 59.
(pdftex.def)             Requested size: 483.69687pt x 157.10591pt.
) [6] (./figures/esperimento-per-raccogliere-la-radiazione-stellare.pdf_tex
<./figures/esperimento-per-raccogliere-la-radiazione-stellare.pdf, id=228, page=1, 692.39978pt x 217.54123pt>
File: ./figures/esperimento-per-raccogliere-la-radiazione-stellare.pdf Graphic file (type pdf)
<use ./figures/esperimento-per-raccogliere-la-radiazione-stellare.pdf, page 1>
Package pdftex.def Info: ./figures/esperimento-per-raccogliere-la-radiazione-stellare.pdf , page1 used on input line 56.
(pdftex.def)             Requested size: 483.69687pt x 151.97243pt.
<./figures/esperimento-per-raccogliere-la-radiazione-stellare.pdf, id=229, page=2, 692.39978pt x 217.54123pt>
File: ./figures/esperimento-per-raccogliere-la-radiazione-stellare.pdf Graphic file (type pdf)
<use ./figures/esperimento-per-raccogliere-la-radiazione-stellare.pdf, page 2>
Package pdftex.def Info: ./figures/esperimento-per-raccogliere-la-radiazione-stellare.pdf , page2 used on input line 58.
(pdftex.def)             Requested size: 483.69687pt x 151.97243pt.
) [7 <./figures/esperimento-di-young.pdf> <./figures/esperimento-di-young.pdf

pdfTeX warning: pdflatex (file ./figures/esperimento-di-young.pdf): PDF inclusion: multiple pdfs with page group included in a single page
> <./figures/esperimento-per-raccogliere-la-radiazione-stellare.pdf

pdfTeX warning: pdflatex (file ./figures/esperimento-per-raccogliere-la-radiazione-stellare.pdf): PDF inclusion: multiple pdfs with page group included in a single page
> <./figures/esperimento-per-raccogliere-la-radiazione-stellare.pdf

pdfTeX warning: pdflatex (file ./figures/esperimento-per-raccogliere-la-radiazione-stellare.pdf): PDF inclusion: multiple pdfs with page group included in a single page
>] (./figures/linea-di-trasmissione-di-nyquist.pdf_tex
<./figures/linea-di-trasmissione-di-nyquist.pdf, id=245, page=1, 524.39426pt x 102.18832pt>
File: ./figures/linea-di-trasmissione-di-nyquist.pdf Graphic file (type pdf)
<use ./figures/linea-di-trasmissione-di-nyquist.pdf, page 1>
Package pdftex.def Info: ./figures/linea-di-trasmissione-di-nyquist.pdf , page1 used on input line 56.
(pdftex.def)             Requested size: 483.69687pt x 94.26073pt.
<./figures/linea-di-trasmissione-di-nyquist.pdf, id=246, page=2, 524.39426pt x 102.18832pt>
File: ./figures/linea-di-trasmissione-di-nyquist.pdf Graphic file (type pdf)
<use ./figures/linea-di-trasmissione-di-nyquist.pdf, page 2>
Package pdftex.def Info: ./figures/linea-di-trasmissione-di-nyquist.pdf , page2 used on input line 59.
(pdftex.def)             Requested size: 483.69687pt x 94.26073pt.
<./figures/linea-di-trasmissione-di-nyquist.pdf, id=247, page=3, 524.39426pt x 102.18832pt>
File: ./figures/linea-di-trasmissione-di-nyquist.pdf Graphic file (type pdf)
<use ./figures/linea-di-trasmissione-di-nyquist.pdf, page 3>
Package pdftex.def Info: ./figures/linea-di-trasmissione-di-nyquist.pdf , page3 used on input line 61.
(pdftex.def)             Requested size: 483.69687pt x 94.26073pt.
) [8]) (./lezioni/lez_15.tex [9 <./figures/linea-di-trasmissione-di-nyquist.pdf> <./figures/linea-di-trasmissione-di-nyquist.pdf

pdfTeX warning: pdflatex (file ./figures/linea-di-trasmissione-di-nyquist.pdf): PDF inclusion: multiple pdfs with page group included in a single page
> <./figures/linea-di-trasmissione-di-nyquist.pdf

pdfTeX warning: pdflatex (file ./figures/linea-di-trasmissione-di-nyquist.pdf): PDF inclusion: multiple pdfs with page group included in a single page
>]
Package mdframed Info: mdframed detected package amsthm 
 changed the theorem header of amsthm
(mdframed)              on input line 45.
Package mdframed Info: mdframed detected package amsthm 
 changed the theorem header of amsthm
(mdframed)              on input line 55.
 [10]
Package mdframed Info: mdframed detected package amsthm 
 changed the theorem header of amsthm
(mdframed)              on input line 127.
Package mdframed Info: mdframed detected package amsthm 
 changed the theorem header of amsthm
(mdframed)              on input line 132.
 [11]
Package mdframed Info: mdframed detected package amsthm 
 changed the theorem header of amsthm
(mdframed)              on input line 179.
Package mdframed Info: mdframed detected package amsthm 
 changed the theorem header of amsthm
(mdframed)              on input line 188.
 (./figures/densita-spettrale-per-una-correlazione-esponenziale.pdf_tex
<./figures/densita-spettrale-per-una-correlazione-esponenziale.pdf, id=307, page=1, 584.79373pt x 179.82545pt>
File: ./figures/densita-spettrale-per-una-correlazione-esponenziale.pdf Graphic file (type pdf)
<use ./figures/densita-spettrale-per-una-correlazione-esponenziale.pdf, page 1>
Package pdftex.def Info: ./figures/densita-spettrale-per-una-correlazione-esponenziale.pdf , page1 used on input line 56.
(pdftex.def)             Requested size: 483.69687pt x 148.73921pt.
<./figures/densita-spettrale-per-una-correlazione-esponenziale.pdf, id=308, page=2, 584.79373pt x 179.82545pt>
File: ./figures/densita-spettrale-per-una-correlazione-esponenziale.pdf Graphic file (type pdf)
<use ./figures/densita-spettrale-per-una-correlazione-esponenziale.pdf, page 2>
Package pdftex.def Info: ./figures/densita-spettrale-per-una-correlazione-esponenziale.pdf , page2 used on input line 60.
(pdftex.def)             Requested size: 483.69687pt x 148.73921pt.
) [12] [13 <./figures/densita-spettrale-per-una-correlazione-esponenziale.pdf> <./figures/densita-spettrale-per-una-correlazione-esponenziale.pdf

pdfTeX warning: pdflatex (file ./figures/densita-spettrale-per-una-correlazione-esponenziale.pdf): PDF inclusion: multiple pdfs with page group included in a single page
>] (./figures/circuito-alternativo-per-dimostrare-nyquist.pdf_tex
<./figures/circuito-alternativo-per-dimostrare-nyquist.pdf, id=338, page=1, 702.31133pt x 123.30464pt>
File: ./figures/circuito-alternativo-per-dimostrare-nyquist.pdf Graphic file (type pdf)
<use ./figures/circuito-alternativo-per-dimostrare-nyquist.pdf, page 1>
Package pdftex.def Info: ./figures/circuito-alternativo-per-dimostrare-nyquist.pdf , page1 used on input line 56.
(pdftex.def)             Requested size: 483.69687pt x 84.92412pt.
<./figures/circuito-alternativo-per-dimostrare-nyquist.pdf, id=339, page=2, 702.31133pt x 123.30464pt>
File: ./figures/circuito-alternativo-per-dimostrare-nyquist.pdf Graphic file (type pdf)
<use ./figures/circuito-alternativo-per-dimostrare-nyquist.pdf, page 2>
Package pdftex.def Info: ./figures/circuito-alternativo-per-dimostrare-nyquist.pdf , page2 used on input line 59.
(pdftex.def)             Requested size: 483.69687pt x 84.92412pt.
<./figures/circuito-alternativo-per-dimostrare-nyquist.pdf, id=340, page=3, 702.31133pt x 123.30464pt>
File: ./figures/circuito-alternativo-per-dimostrare-nyquist.pdf Graphic file (type pdf)
<use ./figures/circuito-alternativo-per-dimostrare-nyquist.pdf, page 3>
Package pdftex.def Info: ./figures/circuito-alternativo-per-dimostrare-nyquist.pdf , page3 used on input line 61.
(pdftex.def)             Requested size: 483.69687pt x 84.92412pt.
) [14]
Underfull \hbox (badness 10000) in paragraph at lines 359--362

 []

[15 <./figures/circuito-alternativo-per-dimostrare-nyquist.pdf> <./figures/circuito-alternativo-per-dimostrare-nyquist.pdf

pdfTeX warning: pdflatex (file ./figures/circuito-alternativo-per-dimostrare-nyquist.pdf): PDF inclusion: multiple pdfs with page group included in a single page
> <./figures/circuito-alternativo-per-dimostrare-nyquist.pdf

pdfTeX warning: pdflatex (file ./figures/circuito-alternativo-per-dimostrare-nyquist.pdf): PDF inclusion: multiple pdfs with page group included in a single page
>] [16] [17]) [18]
Capitolo 2.
(./lezioni/lez_16.tex [19

] (./figures/esempio-di-reticolo.pdf_tex
<./figures/esempio-di-reticolo.pdf, id=426, page=1, 532.26276pt x 121.53117pt>
File: ./figures/esempio-di-reticolo.pdf Graphic file (type pdf)
<use ./figures/esempio-di-reticolo.pdf, page 1>
Package pdftex.def Info: ./figures/esempio-di-reticolo.pdf , page1 used on input line 56.
(pdftex.def)             Requested size: 483.69687pt x 110.44331pt.
) (./figures/reticolo-alternativo.pdf_tex
<./figures/reticolo-alternativo.pdf, id=429, page=1, 461.0356pt x 123.41145pt>
File: ./figures/reticolo-alternativo.pdf Graphic file (type pdf)
<use ./figures/reticolo-alternativo.pdf, page 1>
Package pdftex.def Info: ./figures/reticolo-alternativo.pdf , page1 used on input line 56.
(pdftex.def)             Requested size: 483.69687pt x 129.47662pt.
)
Package mdframed Info: mdframed detected package amsthm 
 changed the theorem header of amsthm
(mdframed)              on input line 73.
Package mdframed Info: mdframed detected package amsthm 
 changed the theorem header of amsthm
(mdframed)              on input line 75.
 [20 <./figures/esempio-di-reticolo.pdf> <./figures/reticolo-alternativo.pdf

pdfTeX warning: pdflatex (file ./figures/reticolo-alternativo.pdf): PDF inclusion: multiple pdfs with page group included in a single page
>] (./figures/zona-di-brilloiun-per-reticolo-quadrato-bidimensionale.pdf_tex
<./figures/zona-di-brilloiun-per-reticolo-quadrato-bidimensionale.pdf, id=447, page=1, 779.99652pt x 167.97874pt>
File: ./figures/zona-di-brilloiun-per-reticolo-quadrato-bidimensionale.pdf Graphic file (type pdf)
<use ./figures/zona-di-brilloiun-per-reticolo-quadrato-bidimensionale.pdf, page 1>
Package pdftex.def Info: ./figures/zona-di-brilloiun-per-reticolo-quadrato-bidimensionale.pdf , page1 used on input line 56.
(pdftex.def)             Requested size: 483.69687pt x 104.17137pt.
<./figures/zona-di-brilloiun-per-reticolo-quadrato-bidimensionale.pdf, id=448, page=2, 779.99652pt x 167.97874pt>
File: ./figures/zona-di-brilloiun-per-reticolo-quadrato-bidimensionale.pdf Graphic file (type pdf)
<use ./figures/zona-di-brilloiun-per-reticolo-quadrato-bidimensionale.pdf, page 2>
Package pdftex.def Info: ./figures/zona-di-brilloiun-per-reticolo-quadrato-bidimensionale.pdf , page2 used on input line 58.
(pdftex.def)             Requested size: 483.69687pt x 104.17137pt.
<./figures/zona-di-brilloiun-per-reticolo-quadrato-bidimensionale.pdf, id=449, page=3, 779.99652pt x 167.97874pt>
File: ./figures/zona-di-brilloiun-per-reticolo-quadrato-bidimensionale.pdf Graphic file (type pdf)
<use ./figures/zona-di-brilloiun-per-reticolo-quadrato-bidimensionale.pdf, page 3>
Package pdftex.def Info: ./figures/zona-di-brilloiun-per-reticolo-quadrato-bidimensionale.pdf , page3 used on input line 60.
(pdftex.def)             Requested size: 483.69687pt x 104.17137pt.
<./figures/zona-di-brilloiun-per-reticolo-quadrato-bidimensionale.pdf, id=450, page=4, 779.99652pt x 167.97874pt>
File: ./figures/zona-di-brilloiun-per-reticolo-quadrato-bidimensionale.pdf Graphic file (type pdf)
<use ./figures/zona-di-brilloiun-per-reticolo-quadrato-bidimensionale.pdf, page 4>
Package pdftex.def Info: ./figures/zona-di-brilloiun-per-reticolo-quadrato-bidimensionale.pdf , page4 used on input line 65.
(pdftex.def)             Requested size: 483.69687pt x 104.17137pt.
<./figures/zona-di-brilloiun-per-reticolo-quadrato-bidimensionale.pdf, id=451, page=5, 779.99652pt x 167.97874pt>
File: ./figures/zona-di-brilloiun-per-reticolo-quadrato-bidimensionale.pdf Graphic file (type pdf)
<use ./figures/zona-di-brilloiun-per-reticolo-quadrato-bidimensionale.pdf, page 5>
Package pdftex.def Info: ./figures/zona-di-brilloiun-per-reticolo-quadrato-bidimensionale.pdf , page5 used on input line 68.
(pdftex.def)             Requested size: 483.69687pt x 104.17137pt.
) (./figures/esperimento-per-l'ossevazione-della-struttura-periodica-dei-cristalli.pdf_tex
<./figures/esperimento-per-l'ossevazione-della-struttura-periodica-dei-cristalli.pdf, id=453, page=1, 583.29184pt x 87.30396pt>
File: ./figures/esperimento-per-l'ossevazione-della-struttura-periodica-dei-cristalli.pdf Graphic file (type pdf)
<use ./figures/esperimento-per-l'ossevazione-della-struttura-periodica-dei-cristalli.pdf, page 1>
Package pdftex.def Info: ./figures/esperimento-per-l'ossevazione-della-struttura-periodica-dei-cristalli.pdf , page1 used on input line 56.
(pdftex.def)             Requested size: 483.69687pt x 72.39697pt.
<./figures/esperimento-per-l'ossevazione-della-struttura-periodica-dei-cristalli.pdf, id=454, page=2, 583.29184pt x 87.30396pt>
File: ./figures/esperimento-per-l'ossevazione-della-struttura-periodica-dei-cristalli.pdf Graphic file (type pdf)
<use ./figures/esperimento-per-l'ossevazione-della-struttura-periodica-dei-cristalli.pdf, page 2>
Package pdftex.def Info: ./figures/esperimento-per-l'ossevazione-della-struttura-periodica-dei-cristalli.pdf , page2 used on input line 58.
(pdftex.def)             Requested size: 483.69687pt x 72.39697pt.
<./figures/esperimento-per-l'ossevazione-della-struttura-periodica-dei-cristalli.pdf, id=455, page=3, 583.29184pt x 87.30396pt>
File: ./figures/esperimento-per-l'ossevazione-della-struttura-periodica-dei-cristalli.pdf Graphic file (type pdf)
<use ./figures/esperimento-per-l'ossevazione-della-struttura-periodica-dei-cristalli.pdf, page 3>
Package pdftex.def Info: ./figures/esperimento-per-l'ossevazione-della-struttura-periodica-dei-cristalli.pdf , page3 used on input line 61.
(pdftex.def)             Requested size: 483.69687pt x 72.39697pt.
<./figures/esperimento-per-l'ossevazione-della-struttura-periodica-dei-cristalli.pdf, id=456, page=4, 583.29184pt x 87.30396pt>
File: ./figures/esperimento-per-l'ossevazione-della-struttura-periodica-dei-cristalli.pdf Graphic file (type pdf)
<use ./figures/esperimento-per-l'ossevazione-della-struttura-periodica-dei-cristalli.pdf, page 4>
Package pdftex.def Info: ./figures/esperimento-per-l'ossevazione-della-struttura-periodica-dei-cristalli.pdf , page4 used on input line 65.
(pdftex.def)             Requested size: 483.69687pt x 72.39697pt.
) [21 <./figures/zona-di-brilloiun-per-reticolo-quadrato-bidimensionale.pdf> <./figures/zona-di-brilloiun-per-reticolo-quadrato-bidimensionale.pdf

pdfTeX warning: pdflatex (file ./figures/zona-di-brilloiun-per-reticolo-quadrato-bidimensionale.pdf): PDF inclusion: multiple pdfs with page group included in a single page
> <./figures/zona-di-brilloiun-per-reticolo-quadrato-bidimensionale.pdf

pdfTeX warning: pdflatex (file ./figures/zona-di-brilloiun-per-reticolo-quadrato-bidimensionale.pdf): PDF inclusion: multiple pdfs with page group included in a single page
> <./figures/zona-di-brilloiun-per-reticolo-quadrato-bidimensionale.pdf

pdfTeX warning: pdflatex (file ./figures/zona-di-brilloiun-per-reticolo-quadrato-bidimensionale.pdf): PDF inclusion: multiple pdfs with page group included in a single page
> <./figures/zona-di-brilloiun-per-reticolo-quadrato-bidimensionale.pdf

pdfTeX warning: pdflatex (file ./figures/zona-di-brilloiun-per-reticolo-quadrato-bidimensionale.pdf): PDF inclusion: multiple pdfs with page group included in a single page
> <./figures/esperimento-per-l'ossevazione-della-struttura-periodica-dei-cristalli.pdf

pdfTeX warning: pdflatex (file ./figures/esperimento-per-l'ossevazione-della-struttura-periodica-dei-cristalli.pdf): PDF inclusion: multiple pdfs with page group included in a single page
> <./figures/esperimento-per-l'ossevazione-della-struttura-periodica-dei-cristalli.pdf

pdfTeX warning: pdflatex (file ./figures/esperimento-per-l'ossevazione-della-struttura-periodica-dei-cristalli.pdf): PDF inclusion: multiple pdfs with page group included in a single page
> <./figures/esperimento-per-l'ossevazione-della-struttura-periodica-dei-cristalli.pdf

pdfTeX warning: pdflatex (file ./figures/esperimento-per-l'ossevazione-della-struttura-periodica-dei-cristalli.pdf): PDF inclusion: multiple pdfs with page group included in a single page
> <./figures/esperimento-per-l'ossevazione-della-struttura-periodica-dei-cristalli.pdf

pdfTeX warning: pdflatex (file ./figures/esperimento-per-l'ossevazione-della-struttura-periodica-dei-cristalli.pdf): PDF inclusion: multiple pdfs with page group included in a single page
>]
<figures/X-ray_diffraction_pattern_3clpro.jpg, id=586, 510.40688pt x 509.65407pt>
File: figures/X-ray_diffraction_pattern_3clpro.jpg Graphic file (type jpg)
<use figures/X-ray_diffraction_pattern_3clpro.jpg>
Package pdftex.def Info: figures/X-ray_diffraction_pattern_3clpro.jpg  used on input line 186.
(pdftex.def)             Requested size: 145.11053pt x 144.89519pt.
Package mdframed Info: mdframed detected package amsthm 
 changed the theorem header of amsthm
(mdframed)              on input line 199.
Package mdframed Info: mdframed detected package amsthm 
 changed the theorem header of amsthm
(mdframed)              on input line 207.
Package mdframed Info: Not enough space on this page on input line 207.
 [22]
Package mdframed Info: Not enough space on this page on input line 207.

Underfull \hbox (badness 10000) in paragraph at lines 237--239

 []

[23 <./figures/X-ray_diffraction_pattern_3clpro.jpg>]
Package mdframed Info: mdframed detected package amsthm 
 changed the theorem header of amsthm
(mdframed)              on input line 287.
Package mdframed Info: mdframed detected package amsthm 
 changed the theorem header of amsthm
(mdframed)              on input line 293.
 (./figures/vettori-k-nello-spazio-del-reticolo-reciproco-k.pdf_tex
<./figures/vettori-k-nello-spazio-del-reticolo-reciproco-k.pdf, id=625, page=1, 629.53761pt x 167.5792pt>
File: ./figures/vettori-k-nello-spazio-del-reticolo-reciproco-k.pdf Graphic file (type pdf)
<use ./figures/vettori-k-nello-spazio-del-reticolo-reciproco-k.pdf, page 1>
Package pdftex.def Info: ./figures/vettori-k-nello-spazio-del-reticolo-reciproco-k.pdf , page1 used on input line 56.
(pdftex.def)             Requested size: 483.69687pt x 128.75764pt.
<./figures/vettori-k-nello-spazio-del-reticolo-reciproco-k.pdf, id=626, page=2, 629.53761pt x 167.5792pt>
File: ./figures/vettori-k-nello-spazio-del-reticolo-reciproco-k.pdf Graphic file (type pdf)
<use ./figures/vettori-k-nello-spazio-del-reticolo-reciproco-k.pdf, page 2>
Package pdftex.def Info: ./figures/vettori-k-nello-spazio-del-reticolo-reciproco-k.pdf , page2 used on input line 58.
(pdftex.def)             Requested size: 483.69687pt x 128.75764pt.
) [24] [25 <./figures/vettori-k-nello-spazio-del-reticolo-reciproco-k.pdf> <./figures/vettori-k-nello-spazio-del-reticolo-reciproco-k.pdf

pdfTeX warning: pdflatex (file ./figures/vettori-k-nello-spazio-del-reticolo-reciproco-k.pdf): PDF inclusion: multiple pdfs with page group included in a single page
>] (./figures/livelli-energetici-di-una-particella-libera-in-un-potenziale-periodico.pdf_tex
<./figures/livelli-energetici-di-una-particella-libera-in-un-potenziale-periodico.pdf, id=729, page=1, 593.43546pt x 203.78687pt>
File: ./figures/livelli-energetici-di-una-particella-libera-in-un-potenziale-periodico.pdf Graphic file (type pdf)
<use ./figures/livelli-energetici-di-una-particella-libera-in-un-potenziale-periodico.pdf, page 1>
Package pdftex.def Info: ./figures/livelli-energetici-di-una-particella-libera-in-un-potenziale-periodico.pdf , page1 used on input line 56.
(pdftex.def)             Requested size: 483.69687pt x 166.10814pt.
<./figures/livelli-energetici-di-una-particella-libera-in-un-potenziale-periodico.pdf, id=730, page=2, 593.43546pt x 203.78687pt>
File: ./figures/livelli-energetici-di-una-particella-libera-in-un-potenziale-periodico.pdf Graphic file (type pdf)
<use ./figures/livelli-energetici-di-una-particella-libera-in-un-potenziale-periodico.pdf, page 2>
Package pdftex.def Info: ./figures/livelli-energetici-di-una-particella-libera-in-un-potenziale-periodico.pdf , page2 used on input line 58.
(pdftex.def)             Requested size: 483.69687pt x 166.10814pt.
)) [26 <./figures/livelli-energetici-di-una-particella-libera-in-un-potenziale-periodico.pdf> <./figures/livelli-energetici-di-una-particella-libera-in-un-potenziale-periodico.pdf

pdfTeX warning: pdflatex (file ./figures/livelli-energetici-di-una-particella-libera-in-un-potenziale-periodico.pdf): PDF inclusion: multiple pdfs with page group included in a single page
>]
Package atveryend Info: Empty hook `BeforeClearDocument' on input line 88.
Package atveryend Info: Empty hook `AfterLastShipout' on input line 88.
 (./master.aux)
Package atveryend Info: Executing hook `AtVeryEndDocument' on input line 88.
Package atveryend Info: Executing hook `AtEndAfterFileList' on input line 88.
Package rerunfilecheck Info: File `master.out' has not changed.
(rerunfilecheck)             Checksum: 795F919A1B05661C9E8A84BB2A34490C;1959.


LaTeX Warning: There were undefined references.

 ) 
Here is how much of TeX's memory you used:
 31794 strings out of 492167
 605160 string characters out of 6131558
 707864 words of memory out of 5000000
 35373 multiletter control sequences out of 15000+600000
 544813 words of font info for 70 fonts, out of 8000000 for 9000
 1141 hyphenation exceptions out of 8191
 73i,22n,78p,791b,990s stack positions out of 5000i,500n,10000p,200000b,80000s
</usr/share/texmf-dist/fonts/type1/public/amsfonts/cm/cmbx10.pfb></usr/share/texmf-dist/fonts/type1/public/amsfonts/cm/cmbx12.pfb></usr/share/texmf-dist/fonts/type1/public/amsfonts/cm/cmbx7.pfb></usr/share/texmf-dist/fonts/type1/public/amsfonts/cm/cmex10.pfb></usr/share/texmf-dist/fonts/type1/public/amsfonts/cm/cmmi10.pfb></usr/share/texmf-dist/fonts/type1/public/amsfonts/cm/cmmi5.pfb></usr/share/texmf-dist/fonts/type1/public/amsfonts/cm/cmmi7.pfb></usr/share/texmf-dist/fonts/type1/public/amsfonts/cm/cmmi8.pfb></usr/share/texmf-dist/fonts/type1/public/amsfonts/cm/cmmib10.pfb></usr/share/texmf-dist/fonts/type1/public/amsfonts/cmextra/cmmib7.pfb></usr/share/texmf-dist/fonts/type1/public/amsfonts/cm/cmr10.pfb></usr/share/texmf-dist/fonts/type1/public/amsfonts/cm/cmr12.pfb></usr/share/texmf-dist/fonts/type1/public/amsfonts/cm/cmr17.pfb></usr/share/texmf-dist/fonts/type1/public/amsfonts/cm/cmr5.pfb></usr/share/texmf-dist/fonts/type1/public/amsfonts/cm/cmr6.pfb></usr/share/texmf-dist/fonts/type1/public/amsfonts/cm/cmr7.pfb></usr/share/texmf-dist/fonts/type1/public/amsfonts/cm/cmr8.pfb></usr/share/texmf-dist/fonts/type1/public/amsfonts/cm/cmss9.pfb></usr/share/texmf-dist/fonts/type1/public/amsfonts/cm/cmsy10.pfb></usr/share/texmf-dist/fonts/type1/public/amsfonts/cm/cmsy5.pfb></usr/share/texmf-dist/fonts/type1/public/amsfonts/cm/cmsy7.pfb></usr/share/texmf-dist/fonts/type1/public/amsfonts/cm/cmsy8.pfb></usr/share/texmf-dist/fonts/type1/public/amsfonts/cm/cmti10.pfb></usr/share/texmf-dist/fonts/type1/public/amsfonts/latxfont/line10.pfb></usr/share/texmf-dist/fonts/type1/public/amsfonts/symbols/msam10.pfb></usr/share/texmf-dist/fonts/type1/public/amsfonts/symbols/msbm10.pfb>
Output written on master.pdf (27 pages, 544024 bytes).
PDF statistics:
 881 PDF objects out of 1000 (max. 8388607)
 757 compressed objects within 8 object streams
 269 named destinations out of 1000 (max. 500000)
 362 words of extra memory for PDF output out of 10000 (max. 10000000)

